[2026-03-21 10:07:43] =================================================================
[2026-03-21 10:07:43]   POLYMARKET TEAM B TRADING BOT
[2026-03-21 10:07:43]   Mode: DRY RUN | Sizing: 3% of bankroll
[2026-03-21 10:07:43] =================================================================
[2026-03-21 10:07:43] 
[2026-03-21 10:07:43] =================================================================
[2026-03-21 10:07:43]   SCANNING FOR COIN-FLIP MARKETS
[2026-03-21 10:07:43] =================================================================
[2026-03-21 10:07:44]   Balance: $56.71 | Buying Power: $28.71
[2026-03-21 10:07:44]   Bet size (3% of bankroll): $1.00
[2026-03-21 10:07:44] 
[2026-03-21 10:07:44]   Scanning NBA...
[2026-03-21 10:07:45]     Found 12 events
[2026-03-21 10:07:45]   ERROR fetching event 6446 markets: 404 Client Error: Not Found for url: https://gateway.polymarket.us/v1/events/id/6446
[2026-03-21 10:07:45]   ERROR fetching event 6451 markets: 404 Client Error: Not Found for url: https://gateway.polymarket.us/v1/events/id/6451
[2026-03-21 10:07:45]   ERROR fetching event 6452 markets: 404 Client Error: Not Found for url: https://gateway.polymarket.us/v1/events/id/6452
[2026-03-21 10:07:46]   ERROR fetching event 6453 markets: 404 Client Error: Not Found for url: https://gateway.polymarket.us/v1/events/id/6453
[2026-03-21 10:07:46]   ERROR fetching event 6456 markets: 404 Client Error: Not Found for url: https://gateway.polymarket.us/v1/events/id/6456
[2026-03-21 10:07:46]   ERROR fetching event 6457 markets: 404 Client Error: Not Found for url: https://gateway.polymarket.us/v1/events/id/6457
[2026-03-21 10:07:47]   ERROR fetching event 6458 markets: 404 Client Error: Not Found for url: https://gateway.polymarket.us/v1/events/id/6458
[2026-03-21 10:07:47]   ERROR fetching event 6461 markets: 404 Client Error: Not Found for url: https://gateway.polymarket.us/v1/events/id/6461
[2026-03-21 10:07:47]   ERROR fetching event 6464 markets: 404 Client Error: Not Found for url: https://gateway.polymarket.us/v1/events/id/6464
[2026-03-21 10:07:47]   ERROR fetching event 6465 markets: 404 Client Error: Not Found for url: https://gateway.polymarket.us/v1/events/id/6465
[2026-03-21 10:07:48]   ERROR fetching event 6474 markets: 404 Client Error: Not Found for url: https://gateway.polymarket.us/v1/events/id/6474
[2026-03-21 10:07:48]   ERROR fetching event 6475 markets: 404 Client Error: Not Found for url: https://gateway.polymarket.us/v1/events/id/6475
[2026-03-21 10:07:48]   Scanning NCAAB...
[2026-03-21 10:07:48]     Found 0 events
[2026-03-21 10:07:48] 
[2026-03-21 10:07:48]   Total qualifying markets: 0
[2026-03-21 10:07:48]   New (not yet bet): 0
[2026-03-21 10:07:48] 
[2026-03-21 10:07:48]   No new qualifying markets found.
[2026-03-21 10:12:18] =================================================================
[2026-03-21 10:12:18]   POLYMARKET TEAM B TRADING BOT
[2026-03-21 10:12:18]   Mode: DRY RUN | Sizing: 3% of bankroll
[2026-03-21 10:12:18]   Leagues: nba, cbb
[2026-03-21 10:12:18]   Coin flip range: 40%-60%
[2026-03-21 10:12:18] =================================================================
[2026-03-21 10:12:18] 
[2026-03-21 10:12:18] =================================================================
[2026-03-21 10:12:18]   SCANNING FOR COIN-FLIP MARKETS
[2026-03-21 10:12:18] =================================================================
[2026-03-21 10:12:19]   Balance: $136.71 | Buying Power: $108.71
[2026-03-21 10:12:19]   Bet size (3% of bankroll): $3.26
[2026-03-21 10:12:19] 
[2026-03-21 10:12:19]   Scanning NBA...
[2026-03-21 10:12:19]     Found 12 events
[2026-03-21 10:12:19]     [SIGNAL] Los Angeles L vs. Orlando                     | Magic           @59.0% | fav@59.0%
[2026-03-21 10:12:19]     [SIGNAL] Miami vs. Houston                             | Rockets         @46.0% | fav@46.0%
[2026-03-21 10:12:19]   Scanning CBB...
[2026-03-21 10:12:19]     Found 13 events
[2026-03-21 10:12:19]     [SIGNAL] Vanderbilt Commodores vs. Nebraska Cornhusker | Cornhuskers     @54.0% | fav@54.0%
[2026-03-21 10:12:19]     [SIGNAL] Dayton Flyers vs. UNC Wilmington Seahawks     | Seahawks        @58.0% | fav@58.0%
[2026-03-21 10:12:19]     [SIGNAL] Texas Tech Red Raiders vs. Alabama Crimson Ti | Crimson Tide    @50.0% | fav@50.0%
[2026-03-21 10:12:19] 
[2026-03-21 10:12:19]   Total qualifying markets: 5
[2026-03-21 10:12:19]   New (not yet bet): 5
[2026-03-21 10:12:19] 
[2026-03-21 10:12:19]   DRY RUN — use --live to actually place bets
[2026-03-21 10:12:19]   -------------------------------------------------------
[2026-03-21 10:12:19]     WOULD BET $3.26 on Magic              @59.0% | Los Angeles L vs. Orlando
[2026-03-21 10:12:19]     WOULD BET $3.26 on Rockets            @46.0% | Miami vs. Houston
[2026-03-21 10:12:19]     WOULD BET $3.26 on Cornhuskers        @54.0% | Vanderbilt Commodores vs. Nebraska Cornh
[2026-03-21 10:12:19]     WOULD BET $3.26 on Seahawks           @58.0% | Dayton Flyers vs. UNC Wilmington Seahawk
[2026-03-21 10:12:19]     WOULD BET $3.26 on Crimson Tide       @50.0% | Texas Tech Red Raiders vs. Alabama Crims
[2026-03-21 12:12:44] Set PM_API_KEY and PM_API_SECRET environment variables
[2026-03-21 12:12:44]   export PM_API_KEY='your-key-id'
[2026-03-21 12:12:44]   export PM_API_SECRET='your-secret-key'
[2026-03-21 12:14:19] =================================================================
[2026-03-21 12:14:19]   POLYMARKET TEAM B — HYBRID 4-TIER BOT
[2026-03-21 12:14:19]   Mode: DRY RUN | Sizing: 3% of bankroll
[2026-03-21 12:14:19]   Leagues: nba, cbb
[2026-03-21 12:14:19]   Tiers: T1=B fav 75-90% | T2=CBB coin flip
[2026-03-21 12:14:19]          T3=CBB B dog 50-55% | T4=NBA 50/50
[2026-03-21 12:14:19] =================================================================
[2026-03-21 12:14:19] 
[2026-03-21 12:14:19] =================================================================
[2026-03-21 12:14:19]   SCANNING — HYBRID 4-TIER STRATEGY
[2026-03-21 12:14:19] =================================================================
[2026-03-21 12:14:19]   Balance: $137.71 | Buying Power: $109.71
[2026-03-21 12:14:19]   Bet size (3% of bankroll): $3.29
[2026-03-21 12:14:19] 
[2026-03-21 12:14:19]   Scanning NBA...
[2026-03-21 12:14:20]     Found 12 events
[2026-03-21 12:14:20]     [SIGNAL] T4: NBA 50/50        | Memphis vs. Charlotte               | Hornets         @9.0%
[2026-03-21 12:14:20]     [SIGNAL] T4: NBA 50/50        | Golden State vs. Atlanta            | Hawks           @21.0%
[2026-03-21 12:14:20]     [SIGNAL] T4: NBA 50/50        | Miami vs. Houston                   | Rockets         @45.0%
[2026-03-21 12:14:20]     [SIGNAL] T4: NBA 50/50        | Indiana vs. San Antonio             | Pacers          @7.0%
[2026-03-21 12:14:20]     [SIGNAL] T4: NBA 50/50        | Milwaukee vs. Phoenix               | Suns            @17.0%
[2026-03-21 12:14:20]     [SIGNAL] T4: NBA 50/50        | Portland vs. Denver                 | Nuggets         @26.0%
[2026-03-21 12:14:20]     [SIGNAL] T4: NBA 50/50        | Brooklyn vs. Sacramento             | Kings           @36.0%
[2026-03-21 12:14:20]   Scanning CBB...
[2026-03-21 12:14:20]     Found 13 events
[2026-03-21 12:14:20]     [SIGNAL] T2: CBB coin flip    | Vanderbilt Commodores vs. Nebraska  | Cornhuskers     @54.0%
[2026-03-21 12:14:20]     [SIGNAL] T2: CBB coin flip    | Dayton Flyers vs. UNC Wilmington Se | Seahawks        @58.0%
[2026-03-21 12:14:20]     [SIGNAL] T2: CBB coin flip    | Texas Tech Red Raiders vs. Alabama  | Crimson Tide    @50.0%
[2026-03-21 12:14:20] 
[2026-03-21 12:14:20]   Total qualifying markets: 10
[2026-03-21 12:14:20]     T2: CBB coin flip: 3
[2026-03-21 12:14:20]     T4: NBA 50/50: 7
[2026-03-21 12:14:20]   New (not yet bet): 10
[2026-03-21 12:14:20] 
[2026-03-21 12:14:20]   DRY RUN — use --live to actually place bets
[2026-03-21 12:14:20]   -----------------------------------------------------------------
[2026-03-21 12:14:20]     [T4: NBA 50/50] WOULD BET $3.29 on Hornets         @9.0% | Memphis vs. Charlotte
[2026-03-21 12:14:20]     [T4: NBA 50/50] WOULD BET $3.29 on Hawks           @21.0% | Golden State vs. Atlanta
[2026-03-21 12:14:20]     [T4: NBA 50/50] WOULD BET $3.29 on Rockets         @45.0% | Miami vs. Houston
[2026-03-21 12:14:20]     [T4: NBA 50/50] WOULD BET $3.29 on Pacers          @7.0% | Indiana vs. San Antonio
[2026-03-21 12:14:20]     [T4: NBA 50/50] WOULD BET $3.29 on Suns            @17.0% | Milwaukee vs. Phoenix
[2026-03-21 12:14:20]     [T4: NBA 50/50] WOULD BET $3.29 on Nuggets         @26.0% | Portland vs. Denver
[2026-03-21 12:14:20]     [T4: NBA 50/50] WOULD BET $3.29 on Kings           @36.0% | Brooklyn vs. Sacramento
[2026-03-21 12:14:20]     [T2: CBB coin flip] WOULD BET $3.29 on Cornhuskers     @54.0% | Vanderbilt Commodores vs. Nebraska 
[2026-03-21 12:14:20]     [T2: CBB coin flip] WOULD BET $3.29 on Seahawks        @58.0% | Dayton Flyers vs. UNC Wilmington Se
[2026-03-21 12:14:20]     [T2: CBB coin flip] WOULD BET $3.29 on Crimson Tide    @50.0% | Texas Tech Red Raiders vs. Alabama 
[2026-03-21 12:17:05] =================================================================
[2026-03-21 12:17:05]   POLYMARKET TEAM B — HYBRID 4-TIER BOT
[2026-03-21 12:17:05]   Mode: DRY RUN | Sizing: 3% of bankroll
[2026-03-21 12:17:05]   Leagues: nba, cbb
[2026-03-21 12:17:05]   Tiers: T1=B fav 75-90% | T2=CBB coin flip
[2026-03-21 12:17:05]          T3=CBB B dog 50-55% | T4=NBA 50/50
[2026-03-21 12:17:05] =================================================================
[2026-03-21 12:17:05] 
[2026-03-21 12:17:05] =================================================================
[2026-03-21 12:17:05]   SCANNING — HYBRID 4-TIER STRATEGY
[2026-03-21 12:17:05] =================================================================
[2026-03-21 12:17:05]   Balance: $137.71 | Buying Power: $109.71
[2026-03-21 12:17:05]   Bet size (3% of bankroll): $3.29
[2026-03-21 12:17:05] 
[2026-03-21 12:17:05]   Scanning NBA...
[2026-03-21 12:17:05]     Found 18 events
[2026-03-21 12:17:05]     [SIGNAL] T4: NBA 50/50        | Miami vs. Houston                   | Rockets         @45.0%
[2026-03-21 12:17:06]   Scanning CBB...
[2026-03-21 12:17:06]     Found 24 events
[2026-03-21 12:17:06]     [SIGNAL] T2: CBB coin flip    | Vanderbilt Commodores vs. Nebraska  | Cornhuskers     @54.0%
[2026-03-21 12:17:06]     [SIGNAL] T2: CBB coin flip    | Dayton Flyers vs. UNC Wilmington Se | Seahawks        @58.0%
[2026-03-21 12:17:06]     [SIGNAL] T2: CBB coin flip    | Texas Tech Red Raiders vs. Alabama  | Crimson Tide    @50.0%
[2026-03-21 12:17:06] 
[2026-03-21 12:17:06]   Total qualifying markets: 4
[2026-03-21 12:17:06]     T2: CBB coin flip: 3
[2026-03-21 12:17:06]     T4: NBA 50/50: 1
[2026-03-21 12:17:06]   New (not yet bet): 4
[2026-03-21 12:17:06] 
[2026-03-21 12:17:06]   DRY RUN — use --live to actually place bets
[2026-03-21 12:17:06]   -----------------------------------------------------------------
[2026-03-21 12:17:06]     [T4: NBA 50/50] WOULD BET $3.29 on Rockets         @45.0% | Miami vs. Houston
[2026-03-21 12:17:06]     [T2: CBB coin flip] WOULD BET $3.29 on Cornhuskers     @54.0% | Vanderbilt Commodores vs. Nebraska 
[2026-03-21 12:17:06]     [T2: CBB coin flip] WOULD BET $3.29 on Seahawks        @58.0% | Dayton Flyers vs. UNC Wilmington Se
[2026-03-21 12:17:06]     [T2: CBB coin flip] WOULD BET $3.29 on Crimson Tide    @50.0% | Texas Tech Red Raiders vs. Alabama 
[2026-03-21 12:19:00] =================================================================
[2026-03-21 12:19:00]   POLYMARKET TEAM B — HYBRID 4-TIER BOT
[2026-03-21 12:19:00]   Mode: DRY RUN | Sizing: 3% of bankroll
[2026-03-21 12:19:00]   Leagues: nba, cbb
[2026-03-21 12:19:00]   Tiers: T1=B fav 75-90% | T2=CBB coin flip
[2026-03-21 12:19:00]          T3=CBB B dog 50-55% | T4=NBA 50/50
[2026-03-21 12:19:00] =================================================================
[2026-03-21 12:19:00] 
[2026-03-21 12:19:00] =================================================================
[2026-03-21 12:19:00]   SCANNING — HYBRID 4-TIER STRATEGY
[2026-03-21 12:19:00] =================================================================
[2026-03-21 12:19:00]   Balance: $137.71 | Buying Power: $109.71
[2026-03-21 12:19:00]   Bet size (3% of bankroll): $3.29
[2026-03-21 12:19:00] 
[2026-03-21 12:19:00]   Scanning NBA...
[2026-03-21 12:19:01]     Found 18 events
[2026-03-21 12:19:01]     [SIGNAL] T4: NBA 50/50        | Miami vs. Houston                   | Rockets         @45.0%
[2026-03-21 12:19:01]   Scanning CBB...
[2026-03-21 12:19:01]     Found 24 events
[2026-03-21 12:19:01]     [SIGNAL] T2: CBB coin flip    | Vanderbilt Commodores vs. Nebraska  | Cornhuskers     @54.0%
[2026-03-21 12:19:01]     [SIGNAL] T2: CBB coin flip    | Dayton Flyers vs. UNC Wilmington Se | Seahawks        @58.0%
[2026-03-21 12:19:01]     [SIGNAL] T2: CBB coin flip    | Texas Tech Red Raiders vs. Alabama  | Crimson Tide    @50.0%
[2026-03-21 12:19:01] 
[2026-03-21 12:19:01]   Total qualifying markets: 4
[2026-03-21 12:19:01]     T2: CBB coin flip: 3
[2026-03-21 12:19:01]     T4: NBA 50/50: 1
[2026-03-21 12:19:01]   New (not yet bet): 4
[2026-03-21 12:19:01] 
[2026-03-21 12:19:01]   DRY RUN — use --live to actually place bets
[2026-03-21 12:19:01]   -----------------------------------------------------------------
[2026-03-21 12:19:01]     [T4: NBA 50/50] WOULD BET $3.29 on Rockets         @45.0% | Miami vs. Houston
[2026-03-21 12:19:01]     [T2: CBB coin flip] WOULD BET $3.29 on Cornhuskers     @54.0% | Vanderbilt Commodores vs. Nebraska 
[2026-03-21 12:19:01]     [T2: CBB coin flip] WOULD BET $3.29 on Seahawks        @58.0% | Dayton Flyers vs. UNC Wilmington Se
[2026-03-21 12:19:01]     [T2: CBB coin flip] WOULD BET $3.29 on Crimson Tide    @50.0% | Texas Tech Red Raiders vs. Alabama 
[2026-03-21 12:21:38] =================================================================
[2026-03-21 12:21:38]   POLYMARKET TEAM B — HYBRID 4-TIER BOT
[2026-03-21 12:21:38]   Mode: LIVE | Sizing: 3% of bankroll
[2026-03-21 12:21:38]   Leagues: nba, cbb
[2026-03-21 12:21:38]   Tiers: T1=B fav 75-90% | T2=CBB coin flip
[2026-03-21 12:21:38]          T3=CBB B dog 50-55% | T4=NBA 50/50
[2026-03-21 12:21:38] =================================================================
[2026-03-21 12:21:38] 
[2026-03-21 12:21:38] =================================================================
[2026-03-21 12:21:38]   SCANNING — HYBRID 4-TIER STRATEGY
[2026-03-21 12:21:38] =================================================================
[2026-03-21 12:21:38]   Balance: $137.71 | Buying Power: $109.71
[2026-03-21 12:21:38]   Bet size (3% of bankroll): $3.29
[2026-03-21 12:21:38] 
[2026-03-21 12:21:38]   Scanning NBA...
[2026-03-21 12:21:38]     Found 18 events
[2026-03-21 12:21:38]     [SIGNAL] T4: NBA 50/50        | Miami vs. Houston                   | Rockets         @45.0%
[2026-03-21 12:21:38]   Scanning CBB...
[2026-03-21 12:21:39]     Found 24 events
[2026-03-21 12:21:39]     [SIGNAL] T2: CBB coin flip    | Vanderbilt Commodores vs. Nebraska  | Cornhuskers     @54.0%
[2026-03-21 12:21:39]     [SIGNAL] T2: CBB coin flip    | Dayton Flyers vs. UNC Wilmington Se | Seahawks        @58.0%
[2026-03-21 12:21:39]     [SIGNAL] T2: CBB coin flip    | Texas Tech Red Raiders vs. Alabama  | Crimson Tide    @50.0%
[2026-03-21 12:21:39]     [SIGNAL] T2: CBB coin flip    | Tennessee Volunteers vs. Virginia C | Cavaliers       @52.0%
[2026-03-21 12:21:39]     [SIGNAL] T2: CBB coin flip    | Wichita State Shockers vs. Oklahoma | Shockers        @41.0%
[2026-03-21 12:21:39] 
[2026-03-21 12:21:39]   Total qualifying markets: 6
[2026-03-21 12:21:39]     T2: CBB coin flip: 5
[2026-03-21 12:21:39]     T4: NBA 50/50: 1
[2026-03-21 12:21:39]   New (not yet bet): 6
[2026-03-21 12:21:39] 
[2026-03-21 12:21:39]   PLACING BETS:
[2026-03-21 12:21:39]   -----------------------------------------------------------------
[2026-03-21 12:21:39]     SKIP Rockets — price moved out of tier range
[2026-03-21 12:21:39]     [T2: CBB coin flip] Betting $3.29 on Cornhuskers @ 47.0% | Vanderbilt Commodores vs. Nebraska 
[2026-03-21 12:21:39]     Previewing order: 7 shares @ $0.47 = $3.29
[2026-03-21 12:21:39]     ORDER ERROR: 400 Client Error: Bad Request for url: https://api.polymarket.us/v1/order/preview
[2026-03-21 12:21:39]     Response: {"code":3,"message":"Request is required","details":[]}
[2026-03-21 12:21:39]     BET FAILED for Cornhuskers
[2026-03-21 12:21:40]     [T2: CBB coin flip] Betting $3.29 on Seahawks @ 43.0% | Dayton Flyers vs. UNC Wilmington Se
[2026-03-21 12:21:40]     Previewing order: 7 shares @ $0.43 = $3.29
[2026-03-21 12:21:40]     ORDER ERROR: 400 Client Error: Bad Request for url: https://api.polymarket.us/v1/order/preview
[2026-03-21 12:21:40]     Response: {"code":3,"message":"Request is required","details":[]}
[2026-03-21 12:21:40]     BET FAILED for Seahawks
[2026-03-21 12:21:40]     [T2: CBB coin flip] Betting $3.29 on Crimson Tide @ 51.0% | Texas Tech Red Raiders vs. Alabama 
[2026-03-21 12:21:40]     Previewing order: 6 shares @ $0.51 = $3.29
[2026-03-21 12:21:40]     ORDER ERROR: 400 Client Error: Bad Request for url: https://api.polymarket.us/v1/order/preview
[2026-03-21 12:21:40]     Response: {"code":3,"message":"Request is required","details":[]}
[2026-03-21 12:21:40]     BET FAILED for Crimson Tide
[2026-03-21 12:21:41]     [T2: CBB coin flip] Betting $3.29 on Cavaliers @ 50.0% | Tennessee Volunteers vs. Virginia C
[2026-03-21 12:21:41]     Previewing order: 6 shares @ $0.50 = $3.29
[2026-03-21 12:21:41]     ORDER ERROR: 400 Client Error: Bad Request for url: https://api.polymarket.us/v1/order/preview
[2026-03-21 12:21:41]     Response: {"code":3,"message":"Request is required","details":[]}
[2026-03-21 12:21:41]     BET FAILED for Cavaliers
[2026-03-21 12:21:42]     SKIP Shockers — price moved out of tier range
[2026-03-21 12:21:42] 
  Updated Balance: $137.71 | Buying Power: $109.71
[2026-03-21 12:22:49] =================================================================
[2026-03-21 12:22:49]   POLYMARKET TEAM B — HYBRID 4-TIER BOT
[2026-03-21 12:22:49]   Mode: LIVE | Sizing: 3% of bankroll
[2026-03-21 12:22:49]   Leagues: nba, cbb
[2026-03-21 12:22:49]   Tiers: T1=B fav 75-90% | T2=CBB coin flip
[2026-03-21 12:22:49]          T3=CBB B dog 50-55% | T4=NBA 50/50
[2026-03-21 12:22:49] =================================================================
[2026-03-21 12:22:49] 
[2026-03-21 12:22:49] =================================================================
[2026-03-21 12:22:49]   SCANNING — HYBRID 4-TIER STRATEGY
[2026-03-21 12:22:49] =================================================================
[2026-03-21 12:22:50]   Balance: $137.71 | Buying Power: $109.71
[2026-03-21 12:22:50]   Bet size (3% of bankroll): $3.29
[2026-03-21 12:22:50] 
[2026-03-21 12:22:50]   Scanning NBA...
[2026-03-21 12:22:50]     Found 18 events
[2026-03-21 12:22:50]     [SIGNAL] T4: NBA 50/50        | Miami vs. Houston                   | Rockets         @45.0%
[2026-03-21 12:22:50]   Scanning CBB...
[2026-03-21 12:22:50]     Found 24 events
[2026-03-21 12:22:50]     [SIGNAL] T2: CBB coin flip    | Vanderbilt Commodores vs. Nebraska  | Cornhuskers     @54.0%
[2026-03-21 12:22:50]     [SIGNAL] T2: CBB coin flip    | Dayton Flyers vs. UNC Wilmington Se | Seahawks        @58.0%
[2026-03-21 12:22:50]     [SIGNAL] T2: CBB coin flip    | Texas Tech Red Raiders vs. Alabama  | Crimson Tide    @50.0%
[2026-03-21 12:22:50]     [SIGNAL] T2: CBB coin flip    | Tennessee Volunteers vs. Virginia C | Cavaliers       @52.0%
[2026-03-21 12:22:50]     [SIGNAL] T2: CBB coin flip    | Wichita State Shockers vs. Oklahoma | Shockers        @41.0%
[2026-03-21 12:22:50] 
[2026-03-21 12:22:50]   Total qualifying markets: 6
[2026-03-21 12:22:50]     T2: CBB coin flip: 5
[2026-03-21 12:22:50]     T4: NBA 50/50: 1
[2026-03-21 12:22:50]   New (not yet bet): 6
[2026-03-21 12:22:50] 
[2026-03-21 12:22:50]   PLACING BETS:
[2026-03-21 12:22:50]   -----------------------------------------------------------------
[2026-03-21 12:22:50]     SKIP Rockets — price moved out of tier range
[2026-03-21 12:22:51]     [T2: CBB coin flip] Betting $3.29 on Cornhuskers @ 47.0% | Vanderbilt Commodores vs. Nebraska 
[2026-03-21 12:22:51]     Previewing order: 7 shares @ $0.47 = $3.29
[2026-03-21 12:22:51]     ORDER ERROR: 400 Client Error: Bad Request for url: https://api.polymarket.us/v1/order/preview
[2026-03-21 12:22:51]     Response: {"code":3,"message":"Request is required","details":[]}
[2026-03-21 12:22:51]     BET FAILED for Cornhuskers
[2026-03-21 12:22:51]     [T2: CBB coin flip] Betting $3.29 on Seahawks @ 43.0% | Dayton Flyers vs. UNC Wilmington Se
[2026-03-21 12:22:51]     Previewing order: 7 shares @ $0.43 = $3.29
[2026-03-21 12:22:51]     ORDER ERROR: 400 Client Error: Bad Request for url: https://api.polymarket.us/v1/order/preview
[2026-03-21 12:22:51]     Response: {"code":3,"message":"Request is required","details":[]}
[2026-03-21 12:22:51]     BET FAILED for Seahawks
[2026-03-21 12:22:52]     [T2: CBB coin flip] Betting $3.29 on Crimson Tide @ 51.0% | Texas Tech Red Raiders vs. Alabama 
[2026-03-21 12:22:52]     Previewing order: 6 shares @ $0.51 = $3.29
[2026-03-21 12:22:52]     ORDER ERROR: 400 Client Error: Bad Request for url: https://api.polymarket.us/v1/order/preview
[2026-03-21 12:22:52]     Response: {"code":3,"message":"Request is required","details":[]}
[2026-03-21 12:22:52]     BET FAILED for Crimson Tide
[2026-03-21 12:22:53]     [T2: CBB coin flip] Betting $3.29 on Cavaliers @ 50.0% | Tennessee Volunteers vs. Virginia C
[2026-03-21 12:22:53]     Previewing order: 6 shares @ $0.50 = $3.29
[2026-03-21 12:22:53]     ORDER ERROR: 400 Client Error: Bad Request for url: https://api.polymarket.us/v1/order/preview
[2026-03-21 12:22:53]     Response: {"code":3,"message":"Request is required","details":[]}
[2026-03-21 12:22:53]     BET FAILED for Cavaliers
[2026-03-21 12:22:53]     SKIP Shockers — price moved out of tier range
[2026-03-21 12:22:53] 
  Updated Balance: $137.71 | Buying Power: $109.71
[2026-03-21 12:23:34] =================================================================
[2026-03-21 12:23:34]   POLYMARKET TEAM B — HYBRID 4-TIER BOT
[2026-03-21 12:23:34]   Mode: LIVE | Sizing: 3% of bankroll
[2026-03-21 12:23:34]   Leagues: nba, cbb
[2026-03-21 12:23:34]   Tiers: T1=B fav 75-90% | T2=CBB coin flip
[2026-03-21 12:23:34]          T3=CBB B dog 50-55% | T4=NBA 50/50
[2026-03-21 12:23:34] =================================================================
[2026-03-21 12:23:34] 
[2026-03-21 12:23:34] =================================================================
[2026-03-21 12:23:34]   SCANNING — HYBRID 4-TIER STRATEGY
[2026-03-21 12:23:34] =================================================================
[2026-03-21 12:23:34]   Balance: $137.71 | Buying Power: $109.71
[2026-03-21 12:23:34]   Bet size (3% of bankroll): $3.29
[2026-03-21 12:23:34] 
[2026-03-21 12:23:34]   Scanning NBA...
[2026-03-21 12:23:34]     Found 18 events
[2026-03-21 12:23:34]     [SIGNAL] T4: NBA 50/50        | Miami vs. Houston                   | Rockets         @45.0%
[2026-03-21 12:23:34]   Scanning CBB...
[2026-03-21 12:23:35]     Found 24 events
[2026-03-21 12:23:35]     [SIGNAL] T2: CBB coin flip    | Vanderbilt Commodores vs. Nebraska  | Cornhuskers     @54.0%
[2026-03-21 12:23:35]     [SIGNAL] T2: CBB coin flip    | Dayton Flyers vs. UNC Wilmington Se | Seahawks        @58.0%
[2026-03-21 12:23:35]     [SIGNAL] T2: CBB coin flip    | Texas Tech Red Raiders vs. Alabama  | Crimson Tide    @50.0%
[2026-03-21 12:23:35]     [SIGNAL] T2: CBB coin flip    | Tennessee Volunteers vs. Virginia C | Cavaliers       @52.0%
[2026-03-21 12:23:35]     [SIGNAL] T2: CBB coin flip    | Wichita State Shockers vs. Oklahoma | Shockers        @41.0%
[2026-03-21 12:23:35] 
[2026-03-21 12:23:35]   Total qualifying markets: 6
[2026-03-21 12:23:35]     T2: CBB coin flip: 5
[2026-03-21 12:23:35]     T4: NBA 50/50: 1
[2026-03-21 12:23:35]   New (not yet bet): 6
[2026-03-21 12:23:35] 
[2026-03-21 12:23:35]   PLACING BETS:
[2026-03-21 12:23:35]   -----------------------------------------------------------------
[2026-03-21 12:23:35]     SKIP Rockets — price moved out of tier range
[2026-03-21 12:23:35]     [T2: CBB coin flip] Betting $3.29 on Cornhuskers @ 47.0% | Vanderbilt Commodores vs. Nebraska 
[2026-03-21 12:23:35]     Previewing order: 7 shares @ $0.47 = $3.29
[2026-03-21 12:23:35]     Preview OK: {"order": {"id": "", "marketSlug": "aec-cbb-vand-nebr-2026-03-21", "side": "ORDER_SIDE_SELL", "type": "ORDER_TYPE_LIMIT", "price": {"value": "0.53", "currency": "USD"}, "quantity": 7, "cumQuantity": 0
[2026-03-21 12:23:35]     Order result: {"id": "8XWEBJK00JXH", "executions": []}
[2026-03-21 12:23:35]     BET PLACED on Cornhuskers
[2026-03-21 12:23:36]     [T2: CBB coin flip] Betting $3.29 on Seahawks @ 43.0% | Dayton Flyers vs. UNC Wilmington Se
[2026-03-21 12:23:36]     Previewing order: 7 shares @ $0.43 = $3.29
[2026-03-21 12:23:36]     Preview OK: {"order": {"id": "", "marketSlug": "aec-cbb-day-ncw-2026-03-21", "side": "ORDER_SIDE_SELL", "type": "ORDER_TYPE_LIMIT", "price": {"value": "0.57", "currency": "USD"}, "quantity": 7, "cumQuantity": 0, 
[2026-03-21 12:23:36]     Order result: {"id": "8XWEJ26G4HC1", "executions": []}
[2026-03-21 12:23:36]     BET PLACED on Seahawks
[2026-03-21 12:23:36]     [T2: CBB coin flip] Betting $3.29 on Crimson Tide @ 51.0% | Texas Tech Red Raiders vs. Alabama 
[2026-03-21 12:23:36]     Previewing order: 6 shares @ $0.51 = $3.29
[2026-03-21 12:23:37]     Preview OK: {"order": {"id": "", "marketSlug": "aec-cbb-txtech-ala-2026-03-22", "side": "ORDER_SIDE_SELL", "type": "ORDER_TYPE_LIMIT", "price": {"value": "0.49", "currency": "USD"}, "quantity": 6, "cumQuantity": 
[2026-03-21 12:23:37]     Order result: {"id": "8XWBN6C00J5H", "executions": []}
[2026-03-21 12:23:37]     BET PLACED on Crimson Tide
[2026-03-21 12:23:37]     [T2: CBB coin flip] Betting $3.29 on Cavaliers @ 50.0% | Tennessee Volunteers vs. Virginia C
[2026-03-21 12:23:37]     Previewing order: 6 shares @ $0.50 = $3.29
[2026-03-21 12:23:37]     Preview OK: {"order": {"id": "", "marketSlug": "aec-cbb-tenn-vir-2026-03-22", "side": "ORDER_SIDE_SELL", "type": "ORDER_TYPE_LIMIT", "price": {"value": "0.5", "currency": "USD"}, "quantity": 6, "cumQuantity": 0, 
[2026-03-21 12:23:37]     Order result: {"id": "8XWE54HG6H7H", "executions": []}
[2026-03-21 12:23:37]     BET PLACED on Cavaliers
[2026-03-21 12:23:38]     SKIP Shockers — price moved out of tier range
[2026-03-21 12:23:38] 
  Updated Balance: $151.31 | Buying Power: $97.31
[2026-03-21 14:22:02] =================================================================
[2026-03-21 14:22:02]   POLYMARKET TEAM B — HYBRID 4-TIER BOT
[2026-03-21 14:22:02]   Mode: LIVE | Sizing: 3% of bankroll
[2026-03-21 14:22:02]   Leagues: nba, cbb
[2026-03-21 14:22:02]   Tiers: T1=B fav 75-90% | T2=CBB coin flip
[2026-03-21 14:22:02]          T3=CBB B dog 50-55% | T4=NBA 50/50
[2026-03-21 14:22:02] =================================================================
[2026-03-21 14:22:02] 
[2026-03-21 14:22:02] =================================================================
[2026-03-21 14:22:02]   SCANNING — HYBRID 4-TIER STRATEGY
[2026-03-21 14:22:02] =================================================================
[2026-03-21 14:22:02]   Balance: $151.31 | Buying Power: $99.31
[2026-03-21 14:22:02]   Bet size (3% of bankroll): $2.98
[2026-03-21 14:22:02] 
[2026-03-21 14:22:02]   Scanning NBA...
[2026-03-21 14:22:03]     Found 18 events
[2026-03-21 14:22:03]     [SIGNAL] T4: NBA 50/50        | Miami vs. Houston                   | Rockets         @45.0%
[2026-03-21 14:22:03]   Scanning CBB...
[2026-03-21 14:22:03]     Found 23 events
[2026-03-21 14:22:03]     [DONE] T2: CBB coin flip    | Vanderbilt Commodores vs. Nebraska  | Cornhuskers     @55.0%
[2026-03-21 14:22:03]     [DONE] T2: CBB coin flip    | Dayton Flyers vs. UNC Wilmington Se | Seahawks        @58.0%
[2026-03-21 14:22:03]     [DONE] T2: CBB coin flip    | Texas Tech Red Raiders vs. Alabama  | Crimson Tide    @51.0%
[2026-03-21 14:22:03]     [DONE] T2: CBB coin flip    | Tennessee Volunteers vs. Virginia C | Cavaliers       @52.0%
[2026-03-21 14:22:03]     [SIGNAL] T2: CBB coin flip    | Wichita State Shockers vs. Oklahoma | Cowboys         @41.0%
[2026-03-21 14:22:03] 
[2026-03-21 14:22:03]   Total qualifying markets: 6
[2026-03-21 14:22:03]     T2: CBB coin flip: 5
[2026-03-21 14:22:03]     T4: NBA 50/50: 1
[2026-03-21 14:22:03]   New (not yet bet): 2
[2026-03-21 14:22:03] 
[2026-03-21 14:22:03]   PLACING BETS:
[2026-03-21 14:22:03]   -----------------------------------------------------------------
[2026-03-21 14:22:03]     SKIP Rockets — price moved out of tier range
[2026-03-21 14:22:03]     SKIP Cowboys — price moved out of tier range
[2026-03-21 14:22:03] 
  Updated Balance: $151.31 | Buying Power: $99.31
[2026-03-21 15:33:05] =================================================================
[2026-03-21 15:33:05]   POLYMARKET TEAM B — HYBRID 4-TIER BOT
[2026-03-21 15:33:05]   Mode: DRY RUN | Sizing: 3% of bankroll
[2026-03-21 15:33:05]   Leagues: nba, cbb, epl
[2026-03-21 15:33:05]   Tiers: T1=B fav 75-90% | T2=CBB coin flip
[2026-03-21 15:33:05]          T3=CBB B dog 50-55% | T4=NBA 50/50
[2026-03-21 15:33:05] =================================================================
[2026-03-21 15:33:05] 
[2026-03-21 15:33:05] =================================================================
[2026-03-21 15:33:05]   SCANNING — HYBRID 4-TIER STRATEGY
[2026-03-21 15:33:05] =================================================================
[2026-03-21 15:33:05]   Balance: $149.36 | Buying Power: $98.36
[2026-03-21 15:33:05]   Bet size (3% of bankroll): $2.95
[2026-03-21 15:33:05] 
[2026-03-21 15:33:05]   Scanning NBA...
[2026-03-21 15:33:05]     Found 18 events
[2026-03-21 15:33:05]     [SIGNAL] T4: NBA 50/50        | Miami vs. Houston                   | Rockets         @46.0%
[2026-03-21 15:33:05]   Scanning CBB...
[2026-03-21 15:33:06]     Found 23 events
[2026-03-21 15:33:06]     [DONE] T2: CBB coin flip    | Vanderbilt Commodores vs. Nebraska  | Cornhuskers     @55.0%
[2026-03-21 15:33:06]     [DONE] T2: CBB coin flip    | Dayton Flyers vs. UNC Wilmington Se | Seahawks        @59.0%
[2026-03-21 15:33:06]     [DONE] T2: CBB coin flip    | Texas Tech Red Raiders vs. Alabama  | Crimson Tide    @51.0%
[2026-03-21 15:33:06]     [DONE] T2: CBB coin flip    | Tennessee Volunteers vs. Virginia C | Cavaliers       @52.0%
[2026-03-21 15:33:06]     [SIGNAL] T2: CBB coin flip    | Wichita State Shockers vs. Oklahoma | Cowboys         @41.0%
[2026-03-21 15:33:06]   Scanning EPL...
[2026-03-21 15:33:06]     Found 4 events
[2026-03-21 15:33:06] 
[2026-03-21 15:33:06]   Total qualifying markets: 6
[2026-03-21 15:33:06]     T2: CBB coin flip: 5
[2026-03-21 15:33:06]     T4: NBA 50/50: 1
[2026-03-21 15:33:06]   New (not yet bet): 2
[2026-03-21 15:33:06] 
[2026-03-21 15:33:06]   DRY RUN — use --live to actually place bets
[2026-03-21 15:33:06]   -----------------------------------------------------------------
[2026-03-21 15:33:06]     [T4: NBA 50/50] WOULD BET $2.95 on Rockets         @46.0% | Miami vs. Houston
[2026-03-21 15:33:06]     [T2: CBB coin flip] WOULD BET $2.95 on Cowboys         @41.0% | Wichita State Shockers vs. Oklahoma
[2026-03-21 15:34:18] =================================================================
[2026-03-21 15:34:18]   POLYMARKET — HYBRID 5-TIER BOT
[2026-03-21 15:34:18]   Mode: DRY RUN | Sizing: 3% of bankroll
[2026-03-21 15:34:18]   Leagues: nba, cbb, epl
[2026-03-21 15:34:18]   Tiers: T1=B fav 75-90% | T2=CBB coin flip
[2026-03-21 15:34:18]          T3=CBB B dog 50-55% | T4=NBA 50/50
[2026-03-21 15:34:18]          T5=EPL Draw <35%
[2026-03-21 15:34:18] =================================================================
[2026-03-21 15:34:18] 
[2026-03-21 15:34:18] =================================================================
[2026-03-21 15:34:18]   SCANNING — HYBRID 4-TIER STRATEGY
[2026-03-21 15:34:18] =================================================================
[2026-03-21 15:34:18]   Balance: $149.36 | Buying Power: $98.36
[2026-03-21 15:34:18]   Bet size (3% of bankroll): $2.95
[2026-03-21 15:34:18] 
[2026-03-21 15:34:18]   Scanning NBA...
[2026-03-21 15:34:19]     Found 18 events
[2026-03-21 15:34:19]     [SIGNAL] T4: NBA 50/50        | Miami vs. Houston                   | Rockets         @46.0%
[2026-03-21 15:34:19]   Scanning CBB...
[2026-03-21 15:34:19]     Found 23 events
[2026-03-21 15:34:19]     [DONE] T2: CBB coin flip    | Vanderbilt Commodores vs. Nebraska  | Cornhuskers     @55.0%
[2026-03-21 15:34:19]     [DONE] T2: CBB coin flip    | Dayton Flyers vs. UNC Wilmington Se | Seahawks        @59.0%
[2026-03-21 15:34:19]     [DONE] T2: CBB coin flip    | Texas Tech Red Raiders vs. Alabama  | Crimson Tide    @51.0%
[2026-03-21 15:34:19]     [DONE] T2: CBB coin flip    | Tennessee Volunteers vs. Virginia C | Cavaliers       @52.0%
[2026-03-21 15:34:19]     [SIGNAL] T2: CBB coin flip    | Wichita State Shockers vs. Oklahoma | Cowboys         @41.0%
[2026-03-21 15:34:19]   Scanning EPL...
[2026-03-21 15:34:19]     Found 4 events
[2026-03-21 15:34:19]     [SIGNAL] T5: EPL Draw <35%    | Newcastle United vs. Sunderland 202 | Draw            @24.0%
[2026-03-21 15:34:19]     [SIGNAL] T5: EPL Draw <35%    | Tottenham Hotspur vs. Nottingham Fo | Draw            @27.0%
[2026-03-21 15:34:19]     [SIGNAL] T5: EPL Draw <35%    | Aston Villa vs. West Ham United 202 | Draw            @24.0%
[2026-03-21 15:34:19] 
[2026-03-21 15:34:19]   Total qualifying markets: 9
[2026-03-21 15:34:19]     T2: CBB coin flip: 5
[2026-03-21 15:34:19]     T4: NBA 50/50: 1
[2026-03-21 15:34:19]     T5: EPL Draw <35%: 3
[2026-03-21 15:34:19]   New (not yet bet): 5
[2026-03-21 15:34:19] 
[2026-03-21 15:34:19]   DRY RUN — use --live to actually place bets
[2026-03-21 15:34:19]   -----------------------------------------------------------------
[2026-03-21 15:34:19]     [T4: NBA 50/50] WOULD BET $2.95 on Rockets         @46.0% | Miami vs. Houston
[2026-03-21 15:34:19]     [T2: CBB coin flip] WOULD BET $2.95 on Cowboys         @41.0% | Wichita State Shockers vs. Oklahoma
[2026-03-21 15:34:19]     [T5: EPL Draw <35%] WOULD BET $2.95 on Draw            @24.0% | Newcastle United vs. Sunderland 202
[2026-03-21 15:34:19]     [T5: EPL Draw <35%] WOULD BET $2.95 on Draw            @27.0% | Tottenham Hotspur vs. Nottingham Fo
[2026-03-21 15:34:19]     [T5: EPL Draw <35%] WOULD BET $2.95 on Draw            @24.0% | Aston Villa vs. West Ham United 202
[2026-03-21 15:39:57] =================================================================
[2026-03-21 15:39:57]   POLYMARKET — HYBRID 5-TIER BOT
[2026-03-21 15:39:57]   Mode: DRY RUN | Sizing: 3% of bankroll
[2026-03-21 15:39:57]   Leagues: nba, cbb, epl
[2026-03-21 15:39:57]   Tiers: T1=B fav 75-90% | T2=CBB coin flip
[2026-03-21 15:39:57]          T3=CBB B dog 50-55% | T4=NBA 50/50
[2026-03-21 15:39:57]          T5=EPL Draw <35%
[2026-03-21 15:39:57] =================================================================
[2026-03-21 15:39:57] 
[2026-03-21 15:39:57] =================================================================
[2026-03-21 15:39:57]   SCANNING — HYBRID 5-TIER STRATEGY
[2026-03-21 15:39:57] =================================================================
[2026-03-21 15:39:57]   Balance: $151.27 | Buying Power: $100.27
[2026-03-21 15:39:57]   Bet size (3% of bankroll): $3.01
[2026-03-21 15:39:57] 
[2026-03-21 15:39:57]   Scanning NBA...
[2026-03-21 15:39:57]     Found 18 events
[2026-03-21 15:39:57]     [SIGNAL] T4: NBA 50/50        | Miami vs. Houston                   | Rockets         @46.0%
[2026-03-21 15:39:57]   Scanning CBB...
[2026-03-21 15:39:58]     Found 23 events
[2026-03-21 15:39:58]     [DONE] T2: CBB coin flip    | Vanderbilt Commodores vs. Nebraska  | Cornhuskers     @55.0%
[2026-03-21 15:39:58]     [DONE] T2: CBB coin flip    | Texas Tech Red Raiders vs. Alabama  | Crimson Tide    @51.0%
[2026-03-21 15:39:58]     [DONE] T2: CBB coin flip    | Tennessee Volunteers vs. Virginia C | Cavaliers       @52.0%
[2026-03-21 15:39:58]     [SIGNAL] T2: CBB coin flip    | Wichita State Shockers vs. Oklahoma | Cowboys         @41.0%
[2026-03-21 15:39:58]   Scanning EPL...
[2026-03-21 15:39:58]     Found 4 events
[2026-03-21 15:39:58]     [SIGNAL] T5: EPL Draw 25-35%  | Tottenham Hotspur vs. Nottingham Fo | Draw            @27.0%
[2026-03-21 15:39:58] 
[2026-03-21 15:39:58]   Total qualifying markets: 6
[2026-03-21 15:39:58]     T2: CBB coin flip: 4
[2026-03-21 15:39:58]     T4: NBA 50/50: 1
[2026-03-21 15:39:58]     T5: EPL Draw 25-35%: 1
[2026-03-21 15:39:58]   New (not yet bet): 3
[2026-03-21 15:39:58] 
[2026-03-21 15:39:58]   DRY RUN — use --live to actually place bets
[2026-03-21 15:39:58]   -----------------------------------------------------------------
[2026-03-21 15:39:58]     [T4: NBA 50/50] WOULD BET $3.01 on Rockets         @46.0% | Miami vs. Houston
[2026-03-21 15:39:58]     [T2: CBB coin flip] WOULD BET $3.01 on Cowboys         @41.0% | Wichita State Shockers vs. Oklahoma
[2026-03-21 15:39:58]     [T5: EPL Draw 25-35%] WOULD BET $3.01 on Draw            @27.0% | Tottenham Hotspur vs. Nottingham Fo
[2026-03-21 15:41:12] =================================================================
[2026-03-21 15:41:12]   POLYMARKET — HYBRID 5-TIER BOT
[2026-03-21 15:41:12]   Mode: LIVE | Sizing: 3% of bankroll
[2026-03-21 15:41:12]   Leagues: nba, cbb, epl
[2026-03-21 15:41:12]   Tiers: T1=B fav 75-90% | T2=CBB coin flip
[2026-03-21 15:41:12]          T3=CBB B dog 50-55% | T4=NBA 50/50
[2026-03-21 15:41:12]          T5=EPL Draw <35%
[2026-03-21 15:41:12] =================================================================
[2026-03-21 15:41:12] 
[2026-03-21 15:41:12] =================================================================
[2026-03-21 15:41:12]   SCANNING — HYBRID 5-TIER STRATEGY
[2026-03-21 15:41:12] =================================================================
[2026-03-21 15:41:12]   Balance: $151.27 | Buying Power: $100.27
[2026-03-21 15:41:12]   Bet size (3% of bankroll): $3.01
[2026-03-21 15:41:12] 
[2026-03-21 15:41:12]   Scanning NBA...
[2026-03-21 15:41:12]     Found 18 events
[2026-03-21 15:41:12]     [SIGNAL] T4: NBA 50/50        | Miami vs. Houston                   | Rockets         @46.0%
[2026-03-21 15:41:12]   Scanning CBB...
[2026-03-21 15:41:12]     Found 23 events
[2026-03-21 15:41:12]     [DONE] T2: CBB coin flip    | Vanderbilt Commodores vs. Nebraska  | Cornhuskers     @55.0%
[2026-03-21 15:41:12]     [DONE] T2: CBB coin flip    | Texas Tech Red Raiders vs. Alabama  | Crimson Tide    @51.0%
[2026-03-21 15:41:12]     [DONE] T2: CBB coin flip    | Tennessee Volunteers vs. Virginia C | Cavaliers       @52.0%
[2026-03-21 15:41:12]     [SIGNAL] T2: CBB coin flip    | Wichita State Shockers vs. Oklahoma | Cowboys         @41.0%
[2026-03-21 15:41:12]   Scanning EPL...
[2026-03-21 15:41:13]     Found 4 events
[2026-03-21 15:41:13]     [SIGNAL] T5: EPL Draw 25-35%  | Tottenham Hotspur vs. Nottingham Fo | Draw            @27.0%
[2026-03-21 15:41:13] 
[2026-03-21 15:41:13]   Total qualifying markets: 6
[2026-03-21 15:41:13]     T2: CBB coin flip: 4
[2026-03-21 15:41:13]     T4: NBA 50/50: 1
[2026-03-21 15:41:13]     T5: EPL Draw 25-35%: 1
[2026-03-21 15:41:13]   New (not yet bet): 3
[2026-03-21 15:41:13] 
[2026-03-21 15:41:13]   PLACING BETS:
[2026-03-21 15:41:13]   -----------------------------------------------------------------
[2026-03-21 15:41:13]     SKIP Rockets — price moved out of tier range
[2026-03-21 15:41:13]     SKIP Cowboys — price moved out of tier range
[2026-03-21 15:41:13]     [T5: EPL Draw 25-35%] Betting $3.01 on Draw @ 29.0% | Tottenham Hotspur vs. Nottingham Fo
[2026-03-21 15:41:13]     Previewing order: 10 shares @ $0.29 = $3.01 (YES)
[2026-03-21 15:41:13]     Preview OK: {"order": {"id": "", "marketSlug": "atc-epl-tot-not-2026-03-22-draw", "side": "ORDER_SIDE_BUY", "type": "ORDER_TYPE_LIMIT", "price": {"value": "0.29", "currency": "USD"}, "quantity": 10, "cumQuantity"
[2026-03-21 15:41:13]     Order result: {"id": "8Y7AD1K02G0G", "executions": []}
[2026-03-21 15:41:13]     BET PLACED on Draw
[2026-03-21 15:41:14] 
  Updated Balance: $148.36 | Buying Power: $97.36
[2026-03-21 15:56:09] =================================================================
[2026-03-21 15:56:09]   POLYMARKET — HYBRID 5-TIER BOT
[2026-03-21 15:56:09]   Mode: DRY RUN | Sizing: 3% of bankroll
[2026-03-21 15:56:09]   Leagues: nba, cbb, epl
[2026-03-21 15:56:09]   Tiers: T1=B fav 75-90% | T2=CBB coin flip
[2026-03-21 15:56:09]          T3=CBB B dog 50-55% | T4=NBA 50/50
[2026-03-21 15:56:09]          T5=EPL Draw <35%
[2026-03-21 15:56:09] =================================================================
[2026-03-21 15:56:09] 
[2026-03-21 15:56:09] =================================================================
[2026-03-21 15:56:09]   SCANNING — HYBRID 5-TIER STRATEGY
[2026-03-21 15:56:09] =================================================================
[2026-03-21 15:56:09]   Balance: $148.36 | Buying Power: $97.36
[2026-03-21 15:56:09]   Bet size (3% of bankroll): $2.92
[2026-03-21 15:56:09] 
[2026-03-21 15:56:09]   Scanning NBA...
[2026-03-21 15:56:09]     Found 16 events
[2026-03-21 15:56:09]     [SIGNAL] T4: NBA 50/50        | Miami vs. Houston                   | Rockets         @46.0%
[2026-03-21 15:56:09]     [SIGNAL] T2: Coin flip        | Toronto vs. Phoenix                 | Suns            @57.0%
[2026-03-21 15:56:09]   Scanning CBB...
[2026-03-21 15:56:10]     Found 23 events
[2026-03-21 15:56:10]     [DONE] T2: Coin flip        | Vanderbilt Commodores vs. Nebraska  | Cornhuskers     @55.0%
[2026-03-21 15:56:10]     [DONE] T2: Coin flip        | Texas Tech Red Raiders vs. Alabama  | Crimson Tide    @51.0%
[2026-03-21 15:56:10]     [DONE] T2: Coin flip        | Tennessee Volunteers vs. Virginia C | Cavaliers       @52.0%
[2026-03-21 15:56:10]     [SIGNAL] T2: Coin flip        | Wichita State Shockers vs. Oklahoma | Cowboys         @41.0%
[2026-03-21 15:56:10]   Scanning EPL...
[2026-03-21 15:56:10]     Found 4 events
[2026-03-21 15:56:10]     [DONE] T5: EPL Draw 25-35%  | Tottenham Hotspur vs. Nottingham Fo | Draw            @27.0%
[2026-03-21 15:56:10] 
[2026-03-21 15:56:10]   Total qualifying markets: 7
[2026-03-21 15:56:10]     T2: Coin flip: 5
[2026-03-21 15:56:10]     T4: NBA 50/50: 1
[2026-03-21 15:56:10]     T5: EPL Draw 25-35%: 1
[2026-03-21 15:56:10]   New (not yet bet): 3
[2026-03-21 15:56:10] 
[2026-03-21 15:56:10]   DRY RUN — use --live to actually place bets
[2026-03-21 15:56:10]   -----------------------------------------------------------------
[2026-03-21 15:56:10]     [T4: NBA 50/50] WOULD BET $2.92 on Rockets         @46.0% | Miami vs. Houston
[2026-03-21 15:56:10]     [T2: Coin flip] WOULD BET $2.92 on Suns            @57.0% | Toronto vs. Phoenix
[2026-03-21 15:56:10]     [T2: Coin flip] WOULD BET $2.92 on Cowboys         @41.0% | Wichita State Shockers vs. Oklahoma
[2026-03-21 15:56:41] =================================================================
[2026-03-21 15:56:41]   POLYMARKET — HYBRID 5-TIER BOT
[2026-03-21 15:56:41]   Mode: LIVE | Sizing: 3% of bankroll
[2026-03-21 15:56:41]   Leagues: nba, cbb, epl
[2026-03-21 15:56:41]   Tiers: T1=B fav 75-90% | T2=CBB coin flip
[2026-03-21 15:56:41]          T3=CBB B dog 50-55% | T4=NBA 50/50
[2026-03-21 15:56:41]          T5=EPL Draw <35%
[2026-03-21 15:56:41] =================================================================
[2026-03-21 15:56:41] 
[2026-03-21 15:56:41] =================================================================
[2026-03-21 15:56:41]   SCANNING — HYBRID 5-TIER STRATEGY
[2026-03-21 15:56:41] =================================================================
[2026-03-21 15:56:42]   Balance: $148.36 | Buying Power: $97.36
[2026-03-21 15:56:42]   Bet size (3% of bankroll): $2.92
[2026-03-21 15:56:42] 
[2026-03-21 15:56:42]   Scanning NBA...
[2026-03-21 15:56:42]     Found 16 events
[2026-03-21 15:56:42]     [SIGNAL] T4: NBA 50/50        | Miami vs. Houston                   | Rockets         @46.0%
[2026-03-21 15:56:42]     [SIGNAL] T2: Coin flip        | Toronto vs. Phoenix                 | Suns            @57.0%
[2026-03-21 15:56:42]   Scanning CBB...
[2026-03-21 15:56:42]     Found 23 events
[2026-03-21 15:56:42]     [DONE] T2: Coin flip        | Vanderbilt Commodores vs. Nebraska  | Cornhuskers     @55.0%
[2026-03-21 15:56:42]     [DONE] T2: Coin flip        | Texas Tech Red Raiders vs. Alabama  | Crimson Tide    @51.0%
[2026-03-21 15:56:42]     [DONE] T2: Coin flip        | Tennessee Volunteers vs. Virginia C | Cavaliers       @52.0%
[2026-03-21 15:56:42]     [SIGNAL] T2: Coin flip        | Wichita State Shockers vs. Oklahoma | Cowboys         @41.0%
[2026-03-21 15:56:42]   Scanning EPL...
[2026-03-21 15:56:42]     Found 4 events
[2026-03-21 15:56:42]     [DONE] T5: EPL Draw 25-35%  | Tottenham Hotspur vs. Nottingham Fo | Draw            @27.0%
[2026-03-21 15:56:42] 
[2026-03-21 15:56:42]   Total qualifying markets: 7
[2026-03-21 15:56:42]     T2: Coin flip: 5
[2026-03-21 15:56:42]     T4: NBA 50/50: 1
[2026-03-21 15:56:42]     T5: EPL Draw 25-35%: 1
[2026-03-21 15:56:42]   New (not yet bet): 3
[2026-03-21 15:56:42] 
[2026-03-21 15:56:42]   PLACING BETS:
[2026-03-21 15:56:42]   -----------------------------------------------------------------
[2026-03-21 15:56:43]     [T4: NBA 50/50] Betting $2.92 on Rockets @ 55.0% | Miami vs. Houston
[2026-03-21 15:56:43]     Previewing order: 5 shares @ $0.55 = $2.92 (NO)
[2026-03-21 15:56:43]     Preview OK: {"order": {"id": "", "marketSlug": "aec-nba-mia-hou-2026-03-21", "side": "ORDER_SIDE_SELL", "type": "ORDER_TYPE_LIMIT", "price": {"value": "0.45", "currency": "USD"}, "quantity": 5, "cumQuantity": 0, 
[2026-03-21 15:56:43]     Order result: {"id": "8Y7W51PG0JTG", "executions": []}
[2026-03-21 15:56:43]     BET PLACED on Rockets
[2026-03-21 15:56:43]     [T2: Coin flip] Betting $2.92 on Suns @ 48.0% | Toronto vs. Phoenix
[2026-03-21 15:56:43]     Previewing order: 6 shares @ $0.48 = $2.92 (NO)
[2026-03-21 15:56:43]     Preview OK: {"order": {"id": "", "marketSlug": "aec-nba-tor-pho-2026-03-22", "side": "ORDER_SIDE_SELL", "type": "ORDER_TYPE_LIMIT", "price": {"value": "0.52", "currency": "USD"}, "quantity": 6, "cumQuantity": 0, 
[2026-03-21 15:56:44]     Order result: {"id": "8Y7V9NVG2HC1", "executions": []}
[2026-03-21 15:56:44]     BET PLACED on Suns
[2026-03-21 15:56:44]     SKIP Cowboys — price moved out of tier range
[2026-03-21 15:56:44] 
  Updated Balance: $153.71 | Buying Power: $91.71
[2026-03-21 20:20:27] =================================================================
[2026-03-21 20:20:27]   POLYMARKET — HYBRID 5-TIER BOT
[2026-03-21 20:20:27]   Mode: DRY RUN | Sizing: 3% of bankroll
[2026-03-21 20:20:27]   Leagues: nba, cbb, epl
[2026-03-21 20:20:27]   Tiers: T1=B fav 75-90% | T2=CBB coin flip
[2026-03-21 20:20:27]          T3=CBB B dog 50-55% | T4=NBA 50/50
[2026-03-21 20:20:27]          T5=EPL Draw <35%
[2026-03-21 20:20:27] =================================================================
[2026-03-21 20:20:27] 
[2026-03-21 20:20:27] =================================================================
[2026-03-21 20:20:27]   SCANNING — HYBRID 5-TIER STRATEGY
[2026-03-21 20:20:27] =================================================================
[2026-03-21 20:20:27]   Balance: $136.63 | Buying Power: $86.63
[2026-03-21 20:20:27]   Bet size (3% of bankroll): $2.60
[2026-03-21 20:20:27] 
[2026-03-21 20:20:27]   Scanning NBA...
[2026-03-21 20:20:27]     Found 19 events
[2026-03-21 20:20:27]     [DONE] T2: Coin flip        | Toronto vs. Phoenix                 | Suns            @54.0%
[2026-03-21 20:20:28]   Scanning CBB...
[2026-03-21 20:20:28]     Found 18 events
[2026-03-21 20:20:28]     [DONE] T2: Coin flip        | Texas Tech Red Raiders vs. Alabama  | Crimson Tide    @52.0%
[2026-03-21 20:20:28]     [DONE] T2: Coin flip        | Tennessee Volunteers vs. Virginia C | Cavaliers       @52.0%
[2026-03-21 20:20:28]     [SIGNAL] T2: Coin flip        | Wichita State Shockers vs. Oklahoma | Cowboys         @41.0%
[2026-03-21 20:20:28]   Scanning EPL...
[2026-03-21 20:20:28]     Found 3 events
[2026-03-21 20:20:28]     [DONE] T5: EPL Draw 25-35%  | Tottenham Hotspur vs. Nottingham Fo | Draw            @27.0%
[2026-03-21 20:20:28] 
[2026-03-21 20:20:28]   Total qualifying markets: 5
[2026-03-21 20:20:28]     T2: Coin flip: 4
[2026-03-21 20:20:28]     T5: EPL Draw 25-35%: 1
[2026-03-21 20:20:28]   New (not yet bet): 1
[2026-03-21 20:20:28] 
[2026-03-21 20:20:28]   DRY RUN — use --live to actually place bets
[2026-03-21 20:20:28]   -----------------------------------------------------------------
[2026-03-21 20:20:28]     [T2: Coin flip] WOULD BET $2.60 on Cowboys         @41.0% | Wichita State Shockers vs. Oklahoma
[2026-03-21 20:21:31] =================================================================
[2026-03-21 20:21:31]   POLYMARKET — HYBRID 5-TIER BOT
[2026-03-21 20:21:31]   Mode: LIVE | Sizing: 3% of bankroll
[2026-03-21 20:21:31]   Leagues: nba, cbb, epl
[2026-03-21 20:21:31]   Tiers: T1=B fav 75-90% | T2=CBB coin flip
[2026-03-21 20:21:31]          T3=CBB B dog 50-55% | T4=NBA 50/50
[2026-03-21 20:21:31]          T5=EPL Draw <35%
[2026-03-21 20:21:31] =================================================================
[2026-03-21 20:21:31] 
[2026-03-21 20:21:31] =================================================================
[2026-03-21 20:21:31]   SCANNING — HYBRID 5-TIER STRATEGY
[2026-03-21 20:21:31] =================================================================
[2026-03-21 20:21:31]   Balance: $136.63 | Buying Power: $86.63
[2026-03-21 20:21:31]   Bet size (3% of bankroll): $2.60
[2026-03-21 20:21:31] 
[2026-03-21 20:21:31]   Scanning NBA...
[2026-03-21 20:21:31]     Found 19 events
[2026-03-21 20:21:31]     [DONE] T2: Coin flip        | Toronto vs. Phoenix                 | Suns            @54.0%
[2026-03-21 20:21:32]   Scanning CBB...
[2026-03-21 20:21:32]     Found 18 events
[2026-03-21 20:21:32]     [DONE] T2: Coin flip        | Texas Tech Red Raiders vs. Alabama  | Crimson Tide    @52.0%
[2026-03-21 20:21:32]     [DONE] T2: Coin flip        | Tennessee Volunteers vs. Virginia C | Cavaliers       @52.0%
[2026-03-21 20:21:32]     [SIGNAL] T2: Coin flip        | Wichita State Shockers vs. Oklahoma | Cowboys         @41.0%
[2026-03-21 20:21:32]   Scanning EPL...
[2026-03-21 20:21:32]     Found 3 events
[2026-03-21 20:21:32]     [DONE] T5: EPL Draw 25-35%  | Tottenham Hotspur vs. Nottingham Fo | Draw            @27.0%
[2026-03-21 20:21:32] 
[2026-03-21 20:21:32]   Total qualifying markets: 5
[2026-03-21 20:21:32]     T2: Coin flip: 4
[2026-03-21 20:21:32]     T5: EPL Draw 25-35%: 1
[2026-03-21 20:21:32]   New (not yet bet): 1
[2026-03-21 20:21:32] 
[2026-03-21 20:21:32]   PLACING BETS:
[2026-03-21 20:21:32]   -----------------------------------------------------------------
[2026-03-21 20:21:32]     SKIP Cowboys — price moved out of tier range
[2026-03-21 20:21:32] 
  Updated Balance: $136.63 | Buying Power: $86.63
[2026-03-21 23:33:54] =================================================================
[2026-03-21 23:33:54]   POLYMARKET — HYBRID 5-TIER BOT
[2026-03-21 23:33:54]   Mode: DRY RUN | Sizing: 3% of bankroll
[2026-03-21 23:33:54]   Leagues: nba, cbb, epl
[2026-03-21 23:33:54]   Tiers: T1=B fav 75-90% | T2=CBB coin flip
[2026-03-21 23:33:54]          T3=CBB B dog 50-55% | T4=NBA 50/50
[2026-03-21 23:33:54]          T5=EPL Draw <35%
[2026-03-21 23:33:54] =================================================================
[2026-03-21 23:33:54] 
[2026-03-21 23:33:54] =================================================================
[2026-03-21 23:33:54]   SCANNING — HYBRID 5-TIER STRATEGY
[2026-03-21 23:33:54] =================================================================
[2026-03-21 23:33:54]   Balance: $163.68 | Buying Power: $142.68
[2026-03-21 23:33:54]   Bet size (3% of bankroll): $4.28
[2026-03-21 23:33:54] 
[2026-03-21 23:33:54]   Scanning NBA...
[2026-03-21 23:33:54]     Found 11 events
[2026-03-21 23:33:54]     [DONE] T2: Coin flip        | Toronto vs. Phoenix                 | Suns            @55.0%
[2026-03-21 23:33:54]     [SIGNAL] T2: Coin flip        | Los Angeles L vs. Detroit           | Pistons         @51.0%
[2026-03-21 23:33:54]   Scanning CBB...
[2026-03-21 23:33:54]     Found 14 events
[2026-03-21 23:33:54]     [DONE] T2: Coin flip        | Texas Tech Red Raiders vs. Alabama  | Crimson Tide    @52.0%
[2026-03-21 23:33:54]     [DONE] T2: Coin flip        | Tennessee Volunteers vs. Virginia C | Cavaliers       @52.0%
[2026-03-21 23:33:54]     [SIGNAL] T2: Coin flip        | Wichita State Shockers vs. Oklahoma | Cowboys         @41.0%
[2026-03-21 23:33:55]   Scanning EPL...
[2026-03-21 23:33:55]     Found 3 events
[2026-03-21 23:33:55]     [DONE] T5: EPL Draw 25-35%  | Tottenham Hotspur vs. Nottingham Fo | Draw            @28.0%
[2026-03-21 23:33:55] 
[2026-03-21 23:33:55]   Total qualifying markets: 6
[2026-03-21 23:33:55]     T2: Coin flip: 5
[2026-03-21 23:33:55]     T5: EPL Draw 25-35%: 1
[2026-03-21 23:33:55]   New (not yet bet): 2
[2026-03-21 23:33:55] 
[2026-03-21 23:33:55]   DRY RUN — use --live to actually place bets
[2026-03-21 23:33:55]   -----------------------------------------------------------------
[2026-03-21 23:33:55]     [T2: Coin flip] WOULD BET $4.28 on Pistons         @51.0% | Los Angeles L vs. Detroit
[2026-03-21 23:33:55]     [T2: Coin flip] WOULD BET $4.28 on Cowboys         @41.0% | Wichita State Shockers vs. Oklahoma
[2026-03-21 23:35:08] =================================================================
[2026-03-21 23:35:08]   POLYMARKET — HYBRID 5-TIER BOT
[2026-03-21 23:35:08]   Mode: LIVE | Sizing: 3% of bankroll
[2026-03-21 23:35:08]   Leagues: nba, cbb, epl
[2026-03-21 23:35:08]   Tiers: T1=B fav 75-90% | T2=CBB coin flip
[2026-03-21 23:35:08]          T3=CBB B dog 50-55% | T4=NBA 50/50
[2026-03-21 23:35:08]          T5=EPL Draw <35%
[2026-03-21 23:35:08] =================================================================
[2026-03-21 23:35:08] 
[2026-03-21 23:35:08] =================================================================
[2026-03-21 23:35:08]   SCANNING — HYBRID 5-TIER STRATEGY
[2026-03-21 23:35:08] =================================================================
[2026-03-21 23:35:08]   Balance: $163.68 | Buying Power: $142.68
[2026-03-21 23:35:08]   Bet size (3% of bankroll): $4.28
[2026-03-21 23:35:08] 
[2026-03-21 23:35:08]   Scanning NBA...
[2026-03-21 23:35:09]     Found 11 events
[2026-03-21 23:35:09]     [DONE] T2: Coin flip        | Toronto vs. Phoenix                 | Suns            @55.0%
[2026-03-21 23:35:09]     [SIGNAL] T2: Coin flip        | Los Angeles L vs. Detroit           | Pistons         @51.0%
[2026-03-21 23:35:09]   Scanning CBB...
[2026-03-21 23:35:09]     Found 14 events
[2026-03-21 23:35:09]     [DONE] T2: Coin flip        | Texas Tech Red Raiders vs. Alabama  | Crimson Tide    @52.0%
[2026-03-21 23:35:09]     [DONE] T2: Coin flip        | Tennessee Volunteers vs. Virginia C | Cavaliers       @52.0%
[2026-03-21 23:35:09]     [SIGNAL] T2: Coin flip        | Wichita State Shockers vs. Oklahoma | Cowboys         @41.0%
[2026-03-21 23:35:09]   Scanning EPL...
[2026-03-21 23:35:09]     Found 3 events
[2026-03-21 23:35:09]     [DONE] T5: EPL Draw 25-35%  | Tottenham Hotspur vs. Nottingham Fo | Draw            @28.0%
[2026-03-21 23:35:09] 
[2026-03-21 23:35:09]   Total qualifying markets: 6
[2026-03-21 23:35:09]     T2: Coin flip: 5
[2026-03-21 23:35:09]     T5: EPL Draw 25-35%: 1
[2026-03-21 23:35:09]   New (not yet bet): 2
[2026-03-21 23:35:09] 
[2026-03-21 23:35:09]   PLACING BETS:
[2026-03-21 23:35:09]   -----------------------------------------------------------------
[2026-03-21 23:35:09]     [T2: Coin flip] Betting $4.28 on Pistons @ 51.0% | Los Angeles L vs. Detroit
[2026-03-21 23:35:09]     Previewing order: 8 shares @ $0.51 = $4.28 (NO)
[2026-03-21 23:35:09]     Preview OK: {"order": {"id": "", "marketSlug": "aec-nba-lal-det-2026-03-23", "side": "ORDER_SIDE_SELL", "type": "ORDER_TYPE_LIMIT", "price": {"value": "0.49", "currency": "USD"}, "quantity": 8, "cumQuantity": 0, 
[2026-03-21 23:35:10]     Order result: {"id": "8YEBQ2C00JTG", "executions": []}
[2026-03-21 23:35:10]     BET PLACED on Pistons
[2026-03-21 23:35:10]     SKIP Cowboys — price moved out of tier range
[2026-03-21 23:35:10] 
  Updated Balance: $167.59 | Buying Power: $138.59
[2026-03-21 23:38:32] =================================================================
[2026-03-21 23:38:32]   POLYMARKET — HYBRID 5-TIER BOT
[2026-03-21 23:38:32]   Mode: LIVE | Sizing: 3% of bankroll
[2026-03-21 23:38:32]   Leagues: nba, cbb, epl
[2026-03-21 23:38:32]   Tiers: T1=B fav 75-90% | T2=CBB coin flip
[2026-03-21 23:38:32]          T3=CBB B dog 50-55% | T4=NBA 50/50
[2026-03-21 23:38:32]          T5=EPL Draw <35%
[2026-03-21 23:38:32] =================================================================
[2026-03-21 23:38:32] 
[2026-03-21 23:38:32] =================================================================
[2026-03-21 23:38:32]   SCANNING — HYBRID 5-TIER STRATEGY
[2026-03-21 23:38:32] =================================================================
[2026-03-21 23:38:33]   Balance: $167.59 | Buying Power: $138.59
[2026-03-21 23:38:33]   Bet size (3% of bankroll): $4.16
[2026-03-21 23:38:33] 
[2026-03-21 23:38:33]   Scanning NBA...
[2026-03-21 23:38:33]     Found 11 events
[2026-03-21 23:38:33]     [DONE] T2: Coin flip        | Toronto vs. Phoenix                 | Suns            @56.0%
[2026-03-21 23:38:33]     [DONE] T2: Coin flip        | Los Angeles L vs. Detroit           | Pistons         @51.0%
[2026-03-21 23:38:33]   Scanning CBB...
[2026-03-21 23:38:33]     Found 14 events
[2026-03-21 23:38:33]     [DONE] T2: Coin flip        | Texas Tech Red Raiders vs. Alabama  | Crimson Tide    @52.0%
[2026-03-21 23:38:33]     [DONE] T2: Coin flip        | Tennessee Volunteers vs. Virginia C | Cavaliers       @52.0%
[2026-03-21 23:38:33]     [SIGNAL] T2: Coin flip        | Wichita State Shockers vs. Oklahoma | Cowboys         @41.0%
[2026-03-21 23:38:33]   Scanning EPL...
[2026-03-21 23:38:33]     Found 3 events
[2026-03-21 23:38:33]     [DONE] T5: EPL Draw 25-35%  | Tottenham Hotspur vs. Nottingham Fo | Draw            @28.0%
[2026-03-21 23:38:33] 
[2026-03-21 23:38:33]   Total qualifying markets: 6
[2026-03-21 23:38:33]     T2: Coin flip: 5
[2026-03-21 23:38:33]     T5: EPL Draw 25-35%: 1
[2026-03-21 23:38:33]   New (not yet bet): 1
[2026-03-21 23:38:33] 
[2026-03-21 23:38:33]   PLACING BETS:
[2026-03-21 23:38:33]   -----------------------------------------------------------------
[2026-03-21 23:38:34]     SKIP Cowboys — price moved out of tier range
[2026-03-21 23:38:34] 
  Updated Balance: $167.59 | Buying Power: $138.59
[2026-03-22 00:55:00] =================================================================
[2026-03-22 00:55:00]   POLYMARKET — HYBRID 5-TIER BOT
[2026-03-22 00:55:00]   Mode: DRY RUN | Sizing: 3% of bankroll
[2026-03-22 00:55:00]   Leagues: nba, cbb, epl
[2026-03-22 00:55:00]   Tiers: T1=B fav 75-90% | T2=CBB coin flip
[2026-03-22 00:55:00]          T3=CBB B dog 50-55% | T4=NBA 50/50
[2026-03-22 00:55:00]          T5=EPL Draw <35%
[2026-03-22 00:55:00] =================================================================
[2026-03-22 00:55:00] 
[2026-03-22 00:55:00] =================================================================
[2026-03-22 00:55:00]   SCANNING — HYBRID 5-TIER STRATEGY
[2026-03-22 00:55:00] =================================================================
[2026-03-22 00:55:00]   Balance: $167.59 | Buying Power: $138.59
[2026-03-22 00:55:00]   Bet size (3% of bankroll): $4.16
[2026-03-22 00:55:00] 
[2026-03-22 00:55:00]   Scanning NBA...
[2026-03-22 00:55:00]     Found 13 events
[2026-03-22 00:55:00]     [DONE] T2: Coin flip        | Toronto vs. Phoenix                 | Suns            @56.0%
[2026-03-22 00:55:00]     [DONE] T2: Coin flip        | Los Angeles L vs. Detroit           | Pistons         @52.0%
[2026-03-22 00:55:00]     [SIGNAL] T2: Coin flip        | Golden State vs. Dallas             | Mavericks       @52.0%
[2026-03-22 00:55:00]   Scanning CBB...
[2026-03-22 00:55:00]     Found 14 events
[2026-03-22 00:55:00]     [DONE] T2: Coin flip        | Texas Tech Red Raiders vs. Alabama  | Crimson Tide    @52.0%
[2026-03-22 00:55:00]     [DONE] T2: Coin flip        | Tennessee Volunteers vs. Virginia C | Cavaliers       @53.0%
[2026-03-22 00:55:00]     [SIGNAL] T2: Coin flip        | Wichita State Shockers vs. Oklahoma | Cowboys         @42.0%
[2026-03-22 00:55:01]   Scanning EPL...
[2026-03-22 00:55:01]     Found 3 events
[2026-03-22 00:55:01]     [DONE] T5: EPL Draw 25-35%  | Tottenham Hotspur vs. Nottingham Fo | Draw            @28.0%
[2026-03-22 00:55:01] 
[2026-03-22 00:55:01]   Total qualifying markets: 7
[2026-03-22 00:55:01]     T2: Coin flip: 6
[2026-03-22 00:55:01]     T5: EPL Draw 25-35%: 1
[2026-03-22 00:55:01]   New (not yet bet): 2
[2026-03-22 00:55:01] 
[2026-03-22 00:55:01]   DRY RUN — use --live to actually place bets
[2026-03-22 00:55:01]   -----------------------------------------------------------------
[2026-03-22 00:55:01]     [T2: Coin flip] WOULD BET $4.16 on Mavericks       @52.0% | Golden State vs. Dallas
[2026-03-22 00:55:01]     [T2: Coin flip] WOULD BET $4.16 on Cowboys         @42.0% | Wichita State Shockers vs. Oklahoma
[2026-03-22 01:08:57] =================================================================
[2026-03-22 01:08:57]   POLYMARKET — HYBRID 5-TIER BOT
[2026-03-22 01:08:57]   Mode: DRY RUN | Sizing: 3% of bankroll
[2026-03-22 01:08:57]   Leagues: nba, cbb, epl
[2026-03-22 01:08:57]   Tiers: T1=B fav 75-90% | T2=CBB coin flip
[2026-03-22 01:08:57]          T3=CBB B dog 50-55% | T4=NBA 50/50
[2026-03-22 01:08:57]          T5=EPL Draw <35%
[2026-03-22 01:08:57] =================================================================
[2026-03-22 01:08:57] 
[2026-03-22 01:08:57] =================================================================
[2026-03-22 01:08:57]   SCANNING — HYBRID 5-TIER STRATEGY
[2026-03-22 01:08:57] =================================================================
[2026-03-22 01:08:58]   Balance: $167.59 | Buying Power: $138.59
[2026-03-22 01:08:58]   Bet size (3% of bankroll): $4.16
[2026-03-22 01:08:58] 
[2026-03-22 01:08:58]   Scanning NBA...
[2026-03-22 01:08:58]     Found 14 events
[2026-03-22 01:08:58]     [DONE] T2: Coin flip        | Toronto vs. Phoenix                 | Suns            @56.0%
[2026-03-22 01:08:58]     [DONE] T2: Coin flip        | Los Angeles L vs. Detroit           | Pistons         @52.0%
[2026-03-22 01:08:58]     [SIGNAL] T2: Coin flip        | Golden State vs. Dallas             | Mavericks       @52.0%
[2026-03-22 01:08:58]   Scanning CBB...
[2026-03-22 01:08:58]     Found 14 events
[2026-03-22 01:08:58]     [DONE] T2: Coin flip        | Texas Tech Red Raiders vs. Alabama  | Crimson Tide    @52.0%
[2026-03-22 01:08:58]     [DONE] T2: Coin flip        | Tennessee Volunteers vs. Virginia C | Cavaliers       @53.0%
[2026-03-22 01:08:58]     [SIGNAL] T2: Coin flip        | Wichita State Shockers vs. Oklahoma | Cowboys         @42.0%
[2026-03-22 01:08:58]   Scanning EPL...
[2026-03-22 01:08:58]     Found 3 events
[2026-03-22 01:08:58]     [DONE] T5: EPL Draw 25-35%  | Tottenham Hotspur vs. Nottingham Fo | Draw            @28.0%
[2026-03-22 01:08:59] 
[2026-03-22 01:08:59]   Total qualifying markets: 7
[2026-03-22 01:08:59]     T2: Coin flip: 6
[2026-03-22 01:08:59]     T5: EPL Draw 25-35%: 1
[2026-03-22 01:08:59]   New (not yet bet): 2
[2026-03-22 01:08:59] 
[2026-03-22 01:08:59]   DRY RUN — use --live to actually place bets
[2026-03-22 01:08:59]   -----------------------------------------------------------------
[2026-03-22 01:08:59]     [T2: Coin flip] WOULD BET $4.16 on Mavericks       @52.0% | Golden State vs. Dallas
[2026-03-22 01:08:59]     [T2: Coin flip] WOULD BET $4.16 on Cowboys         @42.0% | Wichita State Shockers vs. Oklahoma
[2026-03-22 01:13:08] =================================================================
[2026-03-22 01:13:08]   POLYMARKET — HYBRID 5-TIER BOT
[2026-03-22 01:13:08]   Mode: LIVE | Sizing: 3% of bankroll
[2026-03-22 01:13:08]   Leagues: nba, cbb, epl
[2026-03-22 01:13:08]   Tiers: T1=B fav 75-90% | T2=CBB coin flip
[2026-03-22 01:13:08]          T3=CBB B dog 50-55% | T4=NBA 50/50
[2026-03-22 01:13:08]          T5=EPL Draw <35%
[2026-03-22 01:13:08] =================================================================
[2026-03-22 01:13:08] 
[2026-03-22 01:13:08] =================================================================
[2026-03-22 01:13:08]   SCANNING — HYBRID 5-TIER STRATEGY
[2026-03-22 01:13:08] =================================================================
[2026-03-22 01:13:08]   Balance: $167.59 | Buying Power: $138.59
[2026-03-22 01:13:08]   Bet size (3% of bankroll): $4.16
[2026-03-22 01:13:08] 
[2026-03-22 01:13:08]   Scanning NBA...
[2026-03-22 01:13:08]     Found 14 events
[2026-03-22 01:13:08]     [DONE] T2: Coin flip        | Toronto vs. Phoenix                 | Suns            @56.0%
[2026-03-22 01:13:08]     [DONE] T2: Coin flip        | Los Angeles L vs. Detroit           | Pistons         @52.0%
[2026-03-22 01:13:08]     [SIGNAL] T2: Coin flip        | Golden State vs. Dallas             | Mavericks       @52.0%
[2026-03-22 01:13:08]   Scanning CBB...
[2026-03-22 01:13:09]     Found 14 events
[2026-03-22 01:13:09]     [DONE] T2: Coin flip        | Texas Tech Red Raiders vs. Alabama  | Crimson Tide    @52.0%
[2026-03-22 01:13:09]     [DONE] T2: Coin flip        | Tennessee Volunteers vs. Virginia C | Cavaliers       @53.0%
[2026-03-22 01:13:09]     [SIGNAL] T2: Coin flip        | Wichita State Shockers vs. Oklahoma | Cowboys         @42.0%
[2026-03-22 01:13:09]   Scanning EPL...
[2026-03-22 01:13:09]     Found 3 events
[2026-03-22 01:13:09]     [DONE] T5: EPL Draw 25-35%  | Tottenham Hotspur vs. Nottingham Fo | Draw            @28.0%
[2026-03-22 01:13:09] 
[2026-03-22 01:13:09]   Total qualifying markets: 7
[2026-03-22 01:13:09]     T2: Coin flip: 6
[2026-03-22 01:13:09]     T5: EPL Draw 25-35%: 1
[2026-03-22 01:13:09]   New (not yet bet): 2
[2026-03-22 01:13:09] 
[2026-03-22 01:13:09]   PLACING BETS:
[2026-03-22 01:13:09]   -----------------------------------------------------------------
[2026-03-22 01:13:09]     [T2: Coin flip] Betting $4.16 on Mavericks @ 50.0% | Golden State vs. Dallas
[2026-03-22 01:13:09]     Previewing order: 8 shares @ $0.50 = $4.16 (NO)
[2026-03-22 01:13:09]     Preview OK: {"order": {"id": "", "marketSlug": "aec-nba-gs-dal-2026-03-23", "side": "ORDER_SIDE_SELL", "type": "ORDER_TYPE_LIMIT", "price": {"value": "0.5", "currency": "USD"}, "quantity": 8, "cumQuantity": 0, "l
[2026-03-22 01:13:09]     Order result: {"id": "8YENDGPG4JG1", "executions": []}
[2026-03-22 01:13:09]     BET PLACED on Mavericks
[2026-03-22 01:13:10]     SKIP Cowboys — price moved out of tier range
[2026-03-22 01:13:10] 
  Updated Balance: $171.58 | Buying Power: $134.58
[2026-03-22 02:33:03] =================================================================
[2026-03-22 02:33:03]   POLYMARKET — HYBRID 5-TIER BOT
[2026-03-22 02:33:03]   Mode: LIVE | Sizing: 3% of bankroll
[2026-03-22 02:33:03]   Leagues: nba, cbb, epl
[2026-03-22 02:33:03]   Tiers: T1=B fav 75-90% | T2=CBB coin flip
[2026-03-22 02:33:03]          T3=CBB B dog 50-55% | T4=NBA 50/50
[2026-03-22 02:33:03]          T5=EPL Draw <35%
[2026-03-22 02:33:03] =================================================================
[2026-03-22 02:33:03] 
[2026-03-22 02:33:03] =================================================================
[2026-03-22 02:33:03]   SCANNING — HYBRID 5-TIER STRATEGY
[2026-03-22 02:33:03] =================================================================
[2026-03-22 02:33:04]   Balance: $171.58 | Buying Power: $134.58
[2026-03-22 02:33:04]   Bet size (3% of bankroll): $4.04
[2026-03-22 02:33:04] 
[2026-03-22 02:33:04]   Scanning NBA...
[2026-03-22 02:33:04]     Found 15 events
[2026-03-22 02:33:04]     [DONE] T2: Coin flip        | Toronto vs. Phoenix                 | Suns            @57.0%
[2026-03-22 02:33:04]     [DONE] T4: NBA 50/50        | Los Angeles L vs. Detroit           | Pistons         @48.0%
[2026-03-22 02:33:04]     [DONE] T2: Coin flip        | Golden State vs. Dallas             | Mavericks       @52.0%
[2026-03-22 02:33:04]   Scanning CBB...
[2026-03-22 02:33:04]     Found 14 events
[2026-03-22 02:33:04]     [DONE] T2: Coin flip        | Texas Tech Red Raiders vs. Alabama  | Crimson Tide    @52.0%
[2026-03-22 02:33:04]     [DONE] T2: Coin flip        | Tennessee Volunteers vs. Virginia C | Cavaliers       @52.0%
[2026-03-22 02:33:04]     [SIGNAL] T2: Coin flip        | Wichita State Shockers vs. Oklahoma | Cowboys         @42.0%
[2026-03-22 02:33:04]   Scanning EPL...
[2026-03-22 02:33:04]     Found 3 events
[2026-03-22 02:33:04]     [DONE] T5: EPL Draw 25-35%  | Tottenham Hotspur vs. Nottingham Fo | Draw            @29.0%
[2026-03-22 02:33:05] 
[2026-03-22 02:33:05]   Total qualifying markets: 7
[2026-03-22 02:33:05]     T2: Coin flip: 5
[2026-03-22 02:33:05]     T4: NBA 50/50: 1
[2026-03-22 02:33:05]     T5: EPL Draw 25-35%: 1
[2026-03-22 02:33:05]   New (not yet bet): 1
[2026-03-22 02:33:05] 
[2026-03-22 02:33:05]   PLACING BETS:
[2026-03-22 02:33:05]   -----------------------------------------------------------------
[2026-03-22 02:33:05]     SKIP Cowboys — price moved out of tier range
[2026-03-22 02:33:05] 
  Updated Balance: $171.58 | Buying Power: $134.58
[2026-03-22 02:38:05] =================================================================
[2026-03-22 02:38:05]   POLYMARKET — HYBRID 5-TIER BOT
[2026-03-22 02:38:05]   Mode: LIVE | Sizing: 3% of bankroll
[2026-03-22 02:38:05]   Leagues: nba, cbb, epl
[2026-03-22 02:38:05]   Tiers: T1=B fav 75-90% | T2=CBB coin flip
[2026-03-22 02:38:05]          T3=CBB B dog 50-55% | T4=NBA 50/50
[2026-03-22 02:38:05]          T5=EPL Draw <35%
[2026-03-22 02:38:05] =================================================================
[2026-03-22 02:38:05] 
[2026-03-22 02:38:05] =================================================================
[2026-03-22 02:38:05]   SCANNING — HYBRID 5-TIER STRATEGY
[2026-03-22 02:38:05] =================================================================
[2026-03-22 02:38:05]   Balance: $171.58 | Buying Power: $134.58
[2026-03-22 02:38:05]   Bet size (3% of bankroll): $4.04
[2026-03-22 02:38:05] 
[2026-03-22 02:38:05]   Scanning NBA...
[2026-03-22 02:38:05]     Found 15 events
[2026-03-22 02:38:05]     [DONE] T2: Coin flip        | Toronto vs. Phoenix                 | Suns            @57.0%
[2026-03-22 02:38:05]     [DONE] T4: NBA 50/50        | Los Angeles L vs. Detroit           | Pistons         @48.0%
[2026-03-22 02:38:05]   Scanning CBB...
[2026-03-22 02:38:06]     Found 14 events
[2026-03-22 02:38:06]     [DONE] T2: Coin flip        | Texas Tech Red Raiders vs. Alabama  | Crimson Tide    @52.0%
[2026-03-22 02:38:06]     [DONE] T2: Coin flip        | Tennessee Volunteers vs. Virginia C | Cavaliers       @52.0%
[2026-03-22 02:38:06]     [SIGNAL] T2: Coin flip        | Wichita State Shockers vs. Oklahoma | Cowboys         @42.0%
[2026-03-22 02:38:06]   Scanning EPL...
[2026-03-22 02:38:06]     Found 3 events
[2026-03-22 02:38:06]     [SIGNAL] T5: EPL Draw 24-35%  | Newcastle United vs. Sunderland 202 | Draw            @24.0%
[2026-03-22 02:38:06]     [DONE] T5: EPL Draw 24-35%  | Tottenham Hotspur vs. Nottingham Fo | Draw            @29.0%
[2026-03-22 02:38:06]     [SIGNAL] T5: EPL Draw 24-35%  | Aston Villa vs. West Ham United 202 | Draw            @24.0%
[2026-03-22 02:38:06] 
[2026-03-22 02:38:06]   Total qualifying markets: 8
[2026-03-22 02:38:06]     T2: Coin flip: 4
[2026-03-22 02:38:06]     T4: NBA 50/50: 1
[2026-03-22 02:38:06]     T5: EPL Draw 24-35%: 3
[2026-03-22 02:38:06]   New (not yet bet): 3
[2026-03-22 02:38:06] 
[2026-03-22 02:38:06]   PLACING BETS:
[2026-03-22 02:38:06]   -----------------------------------------------------------------
[2026-03-22 02:38:06]     SKIP Cowboys — price moved out of tier range
[2026-03-22 02:38:06]     [T5: EPL Draw 24-35%] Betting $4.04 on Draw @ 25.0% | Newcastle United vs. Sunderland 202
[2026-03-22 02:38:06]     Previewing order: 16 shares @ $0.25 = $4.04 (YES)
[2026-03-22 02:38:06]     Preview OK: {"order": {"id": "", "marketSlug": "atc-epl-new-sun-2026-03-22-draw", "side": "ORDER_SIDE_BUY", "type": "ORDER_TYPE_LIMIT", "price": {"value": "0.25", "currency": "USD"}, "quantity": 16, "cumQuantity"
[2026-03-22 02:38:06]     Order result: {"id": "8YEWR08G0GH1", "executions": []}
[2026-03-22 02:38:06]     BET PLACED on Draw
[2026-03-22 02:38:07]     [T5: EPL Draw 24-35%] Betting $4.04 on Draw @ 25.0% | Aston Villa vs. West Ham United 202
[2026-03-22 02:38:07]     Previewing order: 16 shares @ $0.25 = $4.04 (YES)
[2026-03-22 02:38:07]     Preview OK: {"order": {"id": "", "marketSlug": "atc-epl-ast-whu-2026-03-22-draw", "side": "ORDER_SIDE_BUY", "type": "ORDER_TYPE_LIMIT", "price": {"value": "0.25", "currency": "USD"}, "quantity": 16, "cumQuantity"
[2026-03-22 02:38:07]     Order result: {"id": "8YEWDGZG2JG1", "executions": []}
[2026-03-22 02:38:07]     BET PLACED on Draw
[2026-03-22 02:38:08] 
  Updated Balance: $163.56 | Buying Power: $126.56
[2026-03-22 11:05:26] =================================================================
[2026-03-22 11:05:26]   POLYMARKET — HYBRID 5-TIER BOT
[2026-03-22 11:05:26]   Mode: DRY RUN | Sizing: 3% of bankroll
[2026-03-22 11:05:26]   Leagues: nba, cbb, epl
[2026-03-22 11:05:26]   Tiers: T1=B fav 75-90% | T2=CBB coin flip
[2026-03-22 11:05:26]          T3=CBB B dog 50-55% | T4=NBA 50/50
[2026-03-22 11:05:26]          T5=EPL Draw <35%
[2026-03-22 11:05:26] =================================================================
[2026-03-22 11:05:26] 
[2026-03-22 11:05:26] =================================================================
[2026-03-22 11:05:26]   SCANNING — HYBRID 5-TIER STRATEGY
[2026-03-22 11:05:26] =================================================================
[2026-03-22 11:05:27]   Balance: $163.56 | Buying Power: $126.56
[2026-03-22 11:05:27]   Bet size (3% of bankroll): $3.80
[2026-03-22 11:05:27] 
[2026-03-22 11:05:27]   Scanning NBA...
[2026-03-22 11:05:27]     Found 15 events
[2026-03-22 11:05:27]     [DONE] T2: Coin flip        | Los Angeles L vs. Detroit           | Pistons         @51.0%
[2026-03-22 11:05:27]     [DONE] T2: Coin flip        | Golden State vs. Dallas             | Mavericks       @53.0%
[2026-03-22 11:05:27]   Scanning CBB...
[2026-03-22 11:05:27]     Found 14 events
[2026-03-22 11:05:27]     [DONE] T2: Coin flip        | Texas Tech Red Raiders vs. Alabama  | Crimson Tide    @52.0%
[2026-03-22 11:05:27]     [DONE] T2: Coin flip        | Tennessee Volunteers vs. Virginia C | Cavaliers       @52.0%
[2026-03-22 11:05:27]     [SIGNAL] T2: Coin flip        | Wichita State Shockers vs. Oklahoma | Cowboys         @45.0%
[2026-03-22 11:05:27]   Scanning EPL...
[2026-03-22 11:05:27]     Found 2 events
[2026-03-22 11:05:28] 
[2026-03-22 11:05:28]   Total qualifying markets: 5
[2026-03-22 11:05:28]     T2: Coin flip: 5
[2026-03-22 11:05:28]   New (not yet bet): 1
[2026-03-22 11:05:28] 
[2026-03-22 11:05:28]   DRY RUN — use --live to actually place bets
[2026-03-22 11:05:28]   -----------------------------------------------------------------
[2026-03-22 11:05:28]     [T2: Coin flip] WOULD BET $3.80 on Cowboys         @45.0% | Wichita State Shockers vs. Oklahoma
[2026-03-22 11:07:13] =================================================================
[2026-03-22 11:07:13]   POLYMARKET — HYBRID 5-TIER BOT
[2026-03-22 11:07:13]   Mode: LIVE | Sizing: 3% of bankroll
[2026-03-22 11:07:13]   Leagues: nba, cbb, epl
[2026-03-22 11:07:13]   Tiers: T1=B fav 75-90% | T2=CBB coin flip
[2026-03-22 11:07:13]          T3=CBB B dog 50-55% | T4=NBA 50/50
[2026-03-22 11:07:13]          T5=EPL Draw <35%
[2026-03-22 11:07:13] =================================================================
[2026-03-22 11:07:13] 
[2026-03-22 11:07:13] =================================================================
[2026-03-22 11:07:13]   SCANNING — HYBRID 5-TIER STRATEGY
[2026-03-22 11:07:13] =================================================================
[2026-03-22 11:07:13]   Balance: $163.56 | Buying Power: $126.56
[2026-03-22 11:07:13]   Bet size (3% of bankroll): $3.80
[2026-03-22 11:07:13] 
[2026-03-22 11:07:13]   Scanning NBA...
[2026-03-22 11:07:13]     Found 15 events
[2026-03-22 11:07:13]     [DONE] T2: Coin flip        | Los Angeles L vs. Detroit           | Pistons         @51.0%
[2026-03-22 11:07:13]     [DONE] T2: Coin flip        | Golden State vs. Dallas             | Mavericks       @53.0%
[2026-03-22 11:07:13]   Scanning CBB...
[2026-03-22 11:07:13]     Found 14 events
[2026-03-22 11:07:13]     [DONE] T2: Coin flip        | Texas Tech Red Raiders vs. Alabama  | Crimson Tide    @52.0%
[2026-03-22 11:07:13]     [DONE] T2: Coin flip        | Tennessee Volunteers vs. Virginia C | Cavaliers       @52.0%
[2026-03-22 11:07:13]     [SIGNAL] T2: Coin flip        | Wichita State Shockers vs. Oklahoma | Cowboys         @45.0%
[2026-03-22 11:07:13]   Scanning EPL...
[2026-03-22 11:07:13]     Found 2 events
[2026-03-22 11:07:14] 
[2026-03-22 11:07:14]   Total qualifying markets: 5
[2026-03-22 11:07:14]     T2: Coin flip: 5
[2026-03-22 11:07:14]   New (not yet bet): 1
[2026-03-22 11:07:14] 
[2026-03-22 11:07:14]   PLACING BETS:
[2026-03-22 11:07:14]   -----------------------------------------------------------------
[2026-03-22 11:07:14]     [T2: Coin flip] Betting $3.80 on Cowboys @ 56.0% | Wichita State Shockers vs. Oklahoma
[2026-03-22 11:07:14]     Previewing order: 6 shares @ $0.56 = $3.80 (NO)
[2026-03-22 11:07:14]     Preview OK: {"order": {"id": "", "marketSlug": "aec-cbb-wichst-okst-2026-03-22", "side": "ORDER_SIDE_SELL", "type": "ORDER_TYPE_LIMIT", "price": {"value": "0.44", "currency": "USD"}, "quantity": 6, "cumQuantity":
[2026-03-22 11:07:14]     Order result: {"id": "8YG4Y0602G1H", "executions": []}
[2026-03-22 11:07:14]     BET PLACED on Cowboys
[2026-03-22 11:07:14] 
  Updated Balance: $166.19 | Buying Power: $123.19
[2026-03-23 01:18:02] =================================================================
[2026-03-23 01:18:02]   POLYMARKET — HYBRID 5-TIER BOT
[2026-03-23 01:18:02]   Mode: LIVE | Sizing: 3% of bankroll
[2026-03-23 01:18:02]   Leagues: nba, cbb, epl
[2026-03-23 01:18:02]   Tiers: T1=B fav 75-90% | T2=CBB coin flip
[2026-03-23 01:18:02]          T3=CBB B dog 50-55% | T4=NBA 50/50
[2026-03-23 01:18:02]          T5=EPL Draw <35%
[2026-03-23 01:18:02] =================================================================
[2026-03-23 01:18:02] 
[2026-03-23 01:18:02] =================================================================
[2026-03-23 01:18:02]   SCANNING — HYBRID 5-TIER STRATEGY
[2026-03-23 01:18:02] =================================================================
[2026-03-23 01:18:02]   Balance: $165.90 | Buying Power: $101.90
[2026-03-23 01:18:02]   Bet size (3% of bankroll): $3.06
[2026-03-23 01:18:02] 
[2026-03-23 01:18:02]   WARNING: Could not fetch positions: 404 Client Error: Not Found for url: https://api.polymarket.us/v1/positions?limit=200
[2026-03-23 01:18:02]   Scanning NBA...
[2026-03-23 01:18:02]     Found 15 events
[2026-03-23 01:18:02]     [DONE] T2: Coin flip        | Los Angeles L vs. Detroit           | Pistons         @56.0%
[2026-03-23 01:18:02]     [DONE] T2: Coin flip        | Golden State vs. Dallas             | Mavericks       @57.0%
[2026-03-23 01:18:02]     [SIGNAL] T1: B fav 75-90%     | New Orleans vs. New York            | Knicks          @89.0%
[2026-03-23 01:18:02]   Scanning CBB...
[2026-03-23 01:18:02]     Found 7 events
[2026-03-23 01:18:02]     [DONE] T2: Coin flip        | Texas Tech Red Raiders vs. Alabama  | Crimson Tide    @52.0%
[2026-03-23 01:18:02]   Scanning EPL...
[2026-03-23 01:18:03]     Found 0 events
[2026-03-23 01:18:03] 
[2026-03-23 01:18:03]   Total qualifying markets: 4
[2026-03-23 01:18:03]     T1: B fav 75-90%: 1
[2026-03-23 01:18:03]     T2: Coin flip: 3
[2026-03-23 01:18:03]   New (not yet bet): 1
[2026-03-23 01:18:03] 
[2026-03-23 01:18:03]   PLACING BETS:
[2026-03-23 01:18:03]   -----------------------------------------------------------------
[2026-03-23 01:18:03]     SKIP Knicks — price moved out of tier range
[2026-03-23 01:18:03] 
  Updated Balance: $165.90 | Buying Power: $101.90
[2026-03-23 01:52:04] =================================================================
[2026-03-23 01:52:04]   POLYMARKET — HYBRID 5-TIER BOT
[2026-03-23 01:52:04]   Mode: LIVE | Sizing: 3% of bankroll
[2026-03-23 01:52:04]   Leagues: nba, cbb, epl
[2026-03-23 01:52:04]   Tiers: T1=B fav 75-90% | T2=CBB coin flip
[2026-03-23 01:52:04]          T3=CBB B dog 50-55% | T4=NBA 50/50
[2026-03-23 01:52:04]          T5=EPL Draw <35%
[2026-03-23 01:52:04] =================================================================
[2026-03-23 01:52:04] 
[2026-03-23 01:52:04] =================================================================
[2026-03-23 01:52:04]   SCANNING — HYBRID 5-TIER STRATEGY
[2026-03-23 01:52:04] =================================================================
[2026-03-23 01:52:05]   Balance: $172.90 | Buying Power: $108.90
[2026-03-23 01:52:05]   Bet size (3% of bankroll): $3.27
[2026-03-23 01:52:05] 
[2026-03-23 01:52:05]   WARNING: Could not fetch positions: 404 Client Error: Not Found for url: https://api.polymarket.us/v1/positions?limit=200
[2026-03-23 01:52:05]   Scanning NBA...
[2026-03-23 01:52:05]     Found 14 events
[2026-03-23 01:52:05]     [DONE] T2: Coin flip        | Los Angeles L vs. Detroit           | Pistons         @56.0%
[2026-03-23 01:52:05]     [DONE] T2: Coin flip        | Golden State vs. Dallas             | Mavericks       @57.0%
[2026-03-23 01:52:05]     [SIGNAL] T1: B fav 75-90%     | New Orleans vs. New York            | Knicks          @89.0%
[2026-03-23 01:52:05]   Scanning CBB...
[2026-03-23 01:52:05]     Found 6 events
[2026-03-23 01:52:05]     [DONE] T2: Coin flip        | Texas Tech Red Raiders vs. Alabama  | Crimson Tide    @49.0%
[2026-03-23 01:52:05]   Scanning EPL...
[2026-03-23 01:52:05]     Found 0 events
[2026-03-23 01:52:05] 
[2026-03-23 01:52:05]   Total qualifying markets: 4
[2026-03-23 01:52:05]     T1: B fav 75-90%: 1
[2026-03-23 01:52:05]     T2: Coin flip: 3
[2026-03-23 01:52:05]   New (not yet bet): 1
[2026-03-23 01:52:05] 
[2026-03-23 01:52:05]   PLACING BETS:
[2026-03-23 01:52:05]   -----------------------------------------------------------------
[2026-03-23 01:52:06]     SKIP Knicks — price moved out of tier range
[2026-03-23 01:52:06] 
  Updated Balance: $172.90 | Buying Power: $108.90
[2026-03-23 02:28:13] =================================================================
[2026-03-23 02:28:13]   POLYMARKET — HYBRID 5-TIER BOT
[2026-03-23 02:28:13]   Mode: LIVE | Sizing: 3% of bankroll
[2026-03-23 02:28:13]   Leagues: nba, cbb, epl
[2026-03-23 02:28:13]   Tiers: T1=B fav 75-90% | T2=CBB coin flip
[2026-03-23 02:28:13]          T3=CBB B dog 50-55% | T4=NBA 50/50
[2026-03-23 02:28:13]          T5=EPL Draw <35%
[2026-03-23 02:28:13] =================================================================
[2026-03-23 02:28:13] 
[2026-03-23 02:28:13] =================================================================
[2026-03-23 02:28:13]   SCANNING — HYBRID 5-TIER STRATEGY
[2026-03-23 02:28:13] =================================================================
[2026-03-23 02:28:13]   Balance: $196.93 | Buying Power: $108.93
[2026-03-23 02:28:13]   Bet size (3% of bankroll): $3.27
[2026-03-23 02:28:13] 
[2026-03-23 02:28:14]   WARNING: Could not fetch positions: 404 Client Error: Not Found for url: https://api.polymarket.us/v1/positions?limit=200
[2026-03-23 02:28:14]   Scanning NBA...
[2026-03-23 02:28:14]     Found 13 events
[2026-03-23 02:28:14]     [DONE] T2: Coin flip        | Los Angeles L vs. Detroit           | Pistons         @56.0%
[2026-03-23 02:28:14]     [DONE] T2: Coin flip        | Golden State vs. Dallas             | Mavericks       @56.0%
[2026-03-23 02:28:14]   Scanning CBB...
[2026-03-23 02:28:14]     Found 5 events
[2026-03-23 02:28:14]   Scanning EPL...
[2026-03-23 02:28:14]     Found 0 events
[2026-03-23 02:28:14] 
[2026-03-23 02:28:14]   Total qualifying markets: 2
[2026-03-23 02:28:14]     T2: Coin flip: 2
[2026-03-23 02:28:14]   New (not yet bet): 0
[2026-03-23 02:28:14] 
[2026-03-23 02:28:14]   No new qualifying markets found.
